"../../../Engine/Content/EditorResources/S_Actor.uexp" 0
"../../../Engine/Content/EditorResources/S_Actor.ubulk" 1
"../../../Engine/Content/EditorResources/S_Actor.uasset" 2
"../../../Engine/Content/EditorResources/S_BoxReflectionCapture.uasset" 3
"../../../Engine/Content/EditorResources/S_BoxReflectionCapture.uexp" 4
"../../../Engine/Content/EngineResources/DefaultTexture.uasset" 5
"../../../Engine/Content/EngineResources/DefaultTexture.uexp" 6
"../../../Engine/Content/EngineResources/DefaultTexture.ubulk" 7
"../../../Engine/Content/EngineResources/DefaultTextureCube.uasset" 8
"../../../Engine/Content/EngineResources/DefaultVolumeTexture2D.uexp" 10
"../../../Engine/Content/EngineResources/DefaultVolumeTexture2D.uasset" 11
"../../../Engine/Content/EngineResources/DefaultVolumeTexture.uexp" 12
"../../../Engine/Content/EngineResources/DefaultVolumeTexture.uasset" 13
"../../../Engine/Content/EditorResources/S_Trigger.uexp" 14
"../../../Engine/Content/EditorResources/S_Trigger.ubulk" 15
"../../../Engine/Content/EditorResources/S_Trigger.uasset" 16
"../../../Engine/Content/EditorResources/S_TriggerBox.uexp" 17
"../../../Engine/Content/EditorResources/S_TriggerBox.uasset" 18
"../../../Engine/Content/EditorResources/S_TriggerCapsule.uexp" 19
"../../../Engine/Content/EditorResources/S_TriggerCapsule.uasset" 20
"../../../Engine/Content/EditorResources/S_TriggerSphere.uasset" 21
"../../../Engine/Content/EditorResources/S_TriggerSphere.uexp" 22
"../../../Engine/Content/EngineMeshes/Sphere.uexp" 23
"../../../Engine/Content/EngineMeshes/Sphere.ubulk" 24
"../../../Engine/Content/EngineMeshes/Sphere.uasset" 25
"../../../Engine/Content/EngineResources/GradientTexture0.uexp" 26
"../../../Engine/Content/EngineResources/GradientTexture0.uasset" 27
"../../../Engine/Content/EngineResources/Black.uasset" 28
"../../../Engine/Content/EngineResources/Black.uexp" 29
"../../../Engine/Content/EditorResources/S_Solver.uasset" 30
"../../../Engine/Content/EditorResources/S_Solver.uexp" 31
"../../../Engine/Content/EditorResources/S_Solver.ubulk" 32
"../../../Engine/Content/EditorMaterials/Camera/CineMat.uasset" 33
"../../../Engine/Content/EditorMaterials/Camera/CineMat.uexp" 34
"../../../Engine/Content/EditorMaterials/Camera/MI_CineMat_Rig.uasset" 35
"../../../Engine/Content/EditorMaterials/Camera/MI_CineMat_Rig.uexp" 36
"../../../Engine/Content/EditorMeshes/Camera/SM_CraneRig_Base.ubulk" 37
"../../../Engine/Content/EditorMeshes/Camera/SM_CraneRig_Base.uexp" 38
"../../../Engine/Content/EditorMeshes/Camera/SM_CraneRig_Base.uasset" 39
"../../../Engine/Content/EditorMeshes/Camera/SM_CraneRig_Arm.ubulk" 40
"../../../Engine/Content/EditorMeshes/Camera/SM_CraneRig_Arm.uexp" 41
"../../../Engine/Content/EditorMeshes/Camera/SM_CraneRig_Arm.uasset" 42
"../../../Engine/Content/EditorMeshes/Camera/SM_CraneRig_Mount.uexp" 43
"../../../Engine/Content/EditorMeshes/Camera/SM_CraneRig_Mount.ubulk" 44
"../../../Engine/Content/EditorMeshes/Camera/SM_CraneRig_Mount.uasset" 45
"../../../Engine/Content/EditorMeshes/Camera/SM_CraneRig_Body.ubulk" 46
"../../../Engine/Content/EditorMeshes/Camera/SM_CraneRig_Body.uasset" 47
"../../../Engine/Content/EditorMeshes/Camera/SM_CraneRig_Body.uexp" 48
"../../../Engine/Content/EditorMeshes/Camera/SM_RailRig_Track.uexp" 49
"../../../Engine/Content/EditorMeshes/Camera/SM_RailRig_Track.ubulk" 50
"../../../Engine/Content/EditorMeshes/Camera/SM_RailRig_Track.uasset" 51
"../../../Engine/Content/EditorMeshes/Camera/SM_RailRig_Mount.ubulk" 52
"../../../Engine/Content/EditorMeshes/Camera/SM_RailRig_Mount.uexp" 53
"../../../Engine/Content/EditorMeshes/Camera/SM_RailRig_Mount.uasset" 54
"../../../Engine/Content/EngineMaterials/T_Default_Material_Grid_M.uasset" 55
"../../../Engine/Content/EngineMaterials/T_Default_Material_Grid_M.ubulk" 56
"../../../Engine/Content/EngineMaterials/T_Default_Material_Grid_M.uexp" 57
"../../../Engine/Content/EngineMaterials/T_Default_Material_Grid_N.uasset" 58
"../../../Engine/Content/EngineMaterials/T_Default_Material_Grid_N.uexp" 59
"../../../Engine/Content/EngineMaterials/T_Default_Material_Grid_N.ubulk" 60
"../../../Engine/Content/Functions/Engine_MaterialFunctions01/Opacity/CameraDepthFade.uexp" 61
"../../../Engine/Content/Functions/Engine_MaterialFunctions01/Opacity/CameraDepthFade.uasset" 62
"../../../Engine/Content/EngineMaterials/WorldGridMaterial.uexp" 63
"../../../Engine/Content/EngineMaterials/WorldGridMaterial.uasset" 64
"../../../Engine/Content/ArtTools/RenderToTexture/Meshes/S_1_Unit_Plane.uexp" 65
"../../../Engine/Content/ArtTools/RenderToTexture/Meshes/S_1_Unit_Plane.ubulk" 66
"../../../Engine/Content/ArtTools/RenderToTexture/Meshes/S_1_Unit_Plane.uasset" 67
"../../../Engine/Content/VREditor/LaserPointer/VR_LaserPower_01.uexp" 68
"../../../Engine/Content/VREditor/LaserPointer/VR_LaserPower_01.ubulk" 69
"../../../Engine/Content/VREditor/LaserPointer/VR_LaserPower_01.uasset" 70
"../../../Engine/Content/VREditor/TransformGizmo/TransformGizmoMaterial.uasset" 71
"../../../Engine/Content/VREditor/TransformGizmo/TransformGizmoMaterial.uexp" 72
"../../../Engine/Content/VREditor/TransformGizmo/TranslucentTransformGizmoMaterial.uasset" 73
"../../../Engine/Content/VREditor/TransformGizmo/TranslucentTransformGizmoMaterial.uexp" 74
"../../../Engine/Content/VREditor/TransformGizmo/PlaneTranslationHandle.ubulk" 75
"../../../Engine/Content/VREditor/TransformGizmo/PlaneTranslationHandle.uasset" 76
"../../../Engine/Content/VREditor/TransformGizmo/PlaneTranslationHandle.uexp" 77
"../../../Engine/Content/VREditor/TransformGizmo/BoundingBoxCorner.ubulk" 78
"../../../Engine/Content/VREditor/TransformGizmo/BoundingBoxCorner.uasset" 79
"../../../Engine/Content/VREditor/TransformGizmo/BoundingBoxCorner.uexp" 80
"../../../Engine/Content/VREditor/TransformGizmo/BoundingBoxEdge.ubulk" 81
"../../../Engine/Content/VREditor/TransformGizmo/BoundingBoxEdge.uexp" 82
"../../../Engine/Content/VREditor/TransformGizmo/BoundingBoxEdge.uasset" 83
"../../../Engine/Content/VREditor/TransformGizmo/Main.uasset" 84
"../../../Engine/Content/VREditor/TransformGizmo/Main.uexp" 85
"../../../Engine/Content/VREditor/TransformGizmo/Xray.uexp" 86
"../../../Engine/Content/VREditor/TransformGizmo/Xray.uasset" 87
"../../../Engine/Content/VREditor/TransformGizmo/SM_Sequencer_Node.uexp" 88
"../../../Engine/Content/VREditor/TransformGizmo/SM_Sequencer_Node.ubulk" 89
"../../../Engine/Content/VREditor/TransformGizmo/SM_Sequencer_Node.uasset" 90
"../../../Engine/Content/EditorMaterials/ParticleSystems/PSysThumbnail_NoImage.ubulk" 91
"../../../Engine/Content/EditorMaterials/ParticleSystems/PSysThumbnail_NoImage.uexp" 92
"../../../Engine/Content/EditorMaterials/ParticleSystems/PSysThumbnail_NoImage.uasset" 93
"../../../Engine/Content/EditorMaterials/ParticleSystems/PSysThumbnail_OOD.ubulk" 94
"../../../Engine/Content/EditorMaterials/ParticleSystems/PSysThumbnail_OOD.uexp" 95
"../../../Engine/Content/EditorMaterials/ParticleSystems/PSysThumbnail_OOD.uasset" 96
"../../../Engine/Content/EditorLandscapeResources/SplineEditorMeshMat.uasset" 97
"../../../Engine/Content/EditorLandscapeResources/SplineEditorMeshMat.uexp" 98
"../../../Engine/Content/EditorLandscapeResources/SplineEditorMesh.uexp" 99
"../../../Engine/Content/EditorLandscapeResources/SplineEditorMesh.uasset" 100
"../../../Engine/Content/EditorLandscapeResources/SplineEditorMesh.ubulk" 101
"../../../Engine/Content/EditorMeshes/EditorSphere.uexp" 102
"../../../Engine/Content/EditorMeshes/EditorSphere.ubulk" 103
"../../../Engine/Content/EditorMeshes/EditorSphere.uasset" 104
"../../../Engine/Plugins/Media/MediaPlate/Content/SM_MediaPlateScreen.ubulk" 105
"../../../Engine/Plugins/Media/MediaPlate/Content/SM_MediaPlateScreen.uasset" 106
"../../../Engine/Plugins/Media/MediaPlate/Content/SM_MediaPlateScreen.uexp" 107
"../../../Engine/Content/EngineMaterials/Good64x64TilingNoiseHighFreq.uasset" 108
"../../../Engine/Content/EngineMaterials/Good64x64TilingNoiseHighFreq.uexp" 109
"../../../Engine/Content/EngineMaterials/DefaultBokeh.uexp" 110
"../../../Engine/Content/EngineMaterials/DefaultBokeh.uasset" 111
"../../../Engine/Content/EngineMaterials/PreintegratedSkinBRDF.uexp" 112
"../../../Engine/Content/EngineMaterials/PreintegratedSkinBRDF.uasset" 113
"../../../Engine/Content/EngineMaterials/MiniFont.uexp" 114
"../../../Engine/Content/EngineMaterials/MiniFont.uasset" 115
"../../../Engine/Content/EngineMaterials/WeightMapPlaceholderTexture.uasset" 116
"../../../Engine/Content/EngineMaterials/WeightMapPlaceholderTexture.uexp" 117
"../../../Engine/Content/EngineMaterials/DefaultWhiteGrid.ubulk" 118
"../../../Engine/Content/EngineMaterials/DefaultWhiteGrid.uexp" 119
"../../../Engine/Content/EngineMaterials/DefaultWhiteGrid.uasset" 120
"../../../Engine/Content/Animation/DefaultRecorderBoneCompression.uexp" 121
"../../../Engine/Content/Animation/DefaultRecorderBoneCompression.uasset" 122
"../../../Engine/Content/BasicShapes/Plane.ubulk" 123
"../../../Engine/Content/BasicShapes/Plane.uasset" 124
"../../../Engine/Content/BasicShapes/Plane.uexp" 125
"../../../Engine/Content/EngineMaterials/DefaultMaterial.uasset" 126
"../../../Engine/Content/EngineMaterials/DefaultMaterial.uexp" 127
"../../../Engine/Content/BasicShapes/Cylinder.uasset" 128
"../../../Engine/Content/BasicShapes/Cylinder.ubulk" 129
"../../../Engine/Content/BasicShapes/Cylinder.uexp" 130
"../../../Engine/Content/BasicShapes/Cone.uasset" 131
"../../../Engine/Content/BasicShapes/Cone.uexp" 132
"../../../Engine/Content/BasicShapes/Cone.ubulk" 133
"../../../Engine/Content/EditorLandscapeResources/DefaultAlphaTexture.uexp" 134
"../../../Engine/Content/EditorLandscapeResources/DefaultAlphaTexture.uasset" 135
"../../../Engine/Plugins/Interchange/Runtime/Content/gltf/MaterialFunctions/MF_RotateV2.uasset" 136
"../../../Engine/Plugins/Interchange/Runtime/Content/gltf/MaterialFunctions/MF_RotateV2.uexp" 137
"../../../Engine/Plugins/Interchange/Runtime/Content/gltf/MaterialFunctions/MF_TransformUVs.uasset" 138
"../../../Engine/Plugins/Interchange/Runtime/Content/gltf/MaterialFunctions/MF_TransformUVs.uexp" 139
"../../../Engine/Plugins/Interchange/Runtime/Content/gltf/Textures/T_White_srgb.uasset" 140
"../../../Engine/Plugins/Interchange/Runtime/Content/gltf/Textures/T_White_srgb.uexp" 141
"../../../Engine/Plugins/Interchange/Runtime/Content/gltf/MaterialFunctions/MF_BaseColor.uexp" 142
"../../../Engine/Plugins/Interchange/Runtime/Content/gltf/MaterialFunctions/MF_BaseColor.uasset" 143
"../../../Engine/Plugins/Interchange/Runtime/Content/gltf/MaterialFunctions/MF_DiffuseSpecGloss.uasset" 144
"../../../Engine/Plugins/Interchange/Runtime/Content/gltf/MaterialFunctions/MF_DiffuseSpecGloss.uexp" 145
"../../../Engine/Plugins/Interchange/Runtime/Content/gltf/Textures/T_White_Linear.uexp" 146
"../../../Engine/Plugins/Interchange/Runtime/Content/gltf/Textures/T_White_Linear.uasset" 147
"../../../Engine/Plugins/Interchange/Runtime/Content/gltf/MaterialFunctions/MF_MetallicRoughness.uexp" 148
"../../../Engine/Plugins/Interchange/Runtime/Content/gltf/MaterialFunctions/MF_MetallicRoughness.uasset" 149
"../../../Engine/Plugins/Interchange/Runtime/Content/gltf/MaterialFunctions/MF_Transmission.uasset" 150
"../../../Engine/Plugins/Interchange/Runtime/Content/gltf/MaterialFunctions/MF_Transmission.uexp" 151
"../../../Engine/Plugins/Interchange/Runtime/Content/gltf/MaterialFunctions/MF_Occlusion.uasset" 152
"../../../Engine/Plugins/Interchange/Runtime/Content/gltf/MaterialFunctions/MF_Occlusion.uexp" 153
"../../../Engine/Content/Functions/Engine_MaterialFunctions02/Texturing/CustomRotator.uasset" 154
"../../../Engine/Content/Functions/Engine_MaterialFunctions02/Texturing/CustomRotator.uexp" 155
"../../../Engine/Content/Functions/Engine_MaterialFunctions02/Texturing/ScreenAlignedPixelToPixelUVs.uasset" 156
"../../../Engine/Content/Functions/Engine_MaterialFunctions02/Texturing/ScreenAlignedPixelToPixelUVs.uexp" 157
"../../../Engine/Plugins/Interchange/Runtime/Content/Utilities/T_Bayer64_Grayscale_64px.uasset" 158
"../../../Engine/Plugins/Interchange/Runtime/Content/Utilities/T_Bayer64_Grayscale_64px.uexp" 159
"../../../Engine/Plugins/Interchange/Runtime/Content/gltf/MaterialFunctions/MF_Temporal_Blur.uexp" 160
"../../../Engine/Plugins/Interchange/Runtime/Content/gltf/MaterialFunctions/MF_Temporal_Blur.uasset" 161
"../../../Engine/Plugins/Interchange/Runtime/Content/gltf/MaterialFunctions/MF_Specular.uexp" 162
"../../../Engine/Plugins/Interchange/Runtime/Content/gltf/MaterialFunctions/MF_Specular.uasset" 163
"../../../Engine/Plugins/Interchange/Runtime/Content/gltf/MaterialFunctions/MF_IOR.uexp" 164
"../../../Engine/Plugins/Interchange/Runtime/Content/gltf/MaterialFunctions/MF_IOR.uasset" 165
"../../../Engine/Plugins/Interchange/Runtime/Content/gltf/MaterialFunctions/MF_Fresnel_DS.uexp" 166
"../../../Engine/Plugins/Interchange/Runtime/Content/gltf/MaterialFunctions/MF_Fresnel_DS.uasset" 167
"../../../Engine/Content/Functions/Engine_MaterialFunctions01/Texturing/FlattenNormal.uasset" 168
"../../../Engine/Content/Functions/Engine_MaterialFunctions01/Texturing/FlattenNormal.uexp" 169
"../../../Engine/Content/Functions/Engine_MaterialFunctions02/Utility/BreakOutFloat3Components.uasset" 170
"../../../Engine/Content/Functions/Engine_MaterialFunctions02/Utility/BreakOutFloat3Components.uexp" 171
"../../../Engine/Content/Functions/Engine_MaterialFunctions02/Math/Transform3x3Matrix.uasset" 172
"../../../Engine/Content/Functions/Engine_MaterialFunctions02/Math/Transform3x3Matrix.uexp" 173
"../../../Engine/Content/Functions/Engine_MaterialFunctions02/Utility/MakeFloat3.uexp" 174
"../../../Engine/Content/Functions/Engine_MaterialFunctions02/Utility/MakeFloat3.uasset" 175
"../../../Engine/Plugins/Interchange/Runtime/Content/gltf/MaterialFunctions/MF_RotateNormals_TS.uexp" 176
"../../../Engine/Plugins/Interchange/Runtime/Content/gltf/MaterialFunctions/MF_RotateNormals_TS.uasset" 177
"../../../Engine/Plugins/Interchange/Runtime/Content/gltf/Textures/T_Generic_N.uasset" 178
"../../../Engine/Plugins/Interchange/Runtime/Content/gltf/Textures/T_Generic_N.uexp" 179
"../../../Engine/Plugins/Interchange/Runtime/Content/gltf/MaterialFunctions/MF_Normals.uasset" 180
"../../../Engine/Plugins/Interchange/Runtime/Content/gltf/MaterialFunctions/MF_Normals.uexp" 181
"../../../Engine/Content/Functions/Engine_MaterialFunctions02/Math/AddComponents.uexp" 182
"../../../Engine/Content/Functions/Engine_MaterialFunctions02/Math/AddComponents.uasset" 183
"../../../Engine/Plugins/Interchange/Runtime/Content/gltf/MaterialFunctions/MF_PerceivedBrightness.uasset" 184
"../../../Engine/Plugins/Interchange/Runtime/Content/gltf/MaterialFunctions/MF_PerceivedBrightness.uexp" 185
"../../../Engine/Plugins/Interchange/Runtime/Content/gltf/MaterialFunctions/MF_SpecGlossToMetalRoughness.uasset" 186
"../../../Engine/Plugins/Interchange/Runtime/Content/gltf/MaterialFunctions/MF_SpecGlossToMetalRoughness.uexp" 187
"../../../Engine/Plugins/Interchange/Runtime/Content/gltf/M_Transmission.uasset" 188
"../../../Engine/Plugins/Interchange/Runtime/Content/gltf/M_Transmission.uexp" 189
"../../../Engine/Plugins/Interchange/Runtime/Content/gltf/MaterialInstances_SG/MI_Transmission_TS.uexp" 190
"../../../Engine/Plugins/Interchange/Runtime/Content/gltf/MaterialInstances_SG/MI_Transmission_TS.uasset" 191
"../../../Engine/Content/EditorLandscapeResources/DataLayer.uasset" 192
"../../../Engine/Content/EditorLandscapeResources/DataLayer.uexp" 193
"../../../Engine/Content/EditorMaterials/PhAT_UnselectedMaterial.uexp" 194
"../../../Engine/Content/EditorMaterials/PhAT_UnselectedMaterial.uasset" 195
"../../../Engine/Content/EditorMaterials/PhAT_NoCollisionMaterial.uexp" 196
"../../../Engine/Content/EditorMaterials/PhAT_NoCollisionMaterial.uasset" 197
"../../../Engine/Content/EditorMaterials/PreviewShadowIndicator.uasset" 198
"../../../Engine/Content/EditorMaterials/PreviewShadowIndicator.uexp" 199
"../../../Engine/Content/EditorMaterials/PreviewShadowIndicator.ubulk" 200
"../../../Engine/Content/EditorMaterials/PreviewShadowIndicatorMaterial.uasset" 201
"../../../Engine/Content/EditorMaterials/PreviewShadowIndicatorMaterial.uexp" 202
"../../../Engine/Plugins/Interchange/Runtime/Content/gltf/MaterialFunctions/MF_Clearcoat.uexp" 203
"../../../Engine/Plugins/Interchange/Runtime/Content/gltf/MaterialFunctions/MF_Clearcoat.uasset" 204
"../../../Engine/Plugins/Interchange/Runtime/Content/gltf/MaterialFunctions/MF_Emissive.uexp" 205
"../../../Engine/Plugins/Interchange/Runtime/Content/gltf/MaterialFunctions/MF_Emissive.uasset" 206
"../../../Engine/Plugins/Interchange/Runtime/Content/gltf/M_Opaque.uasset" 207
"../../../Engine/Plugins/Interchange/Runtime/Content/gltf/M_Opaque.uexp" 208
"../../../Engine/Plugins/Interchange/Runtime/Content/gltf/MaterialInstances_SG/MI_Opaque.uexp" 209
"../../../Engine/Plugins/Interchange/Runtime/Content/gltf/MaterialInstances_SG/MI_Opaque.uasset" 210
"../../../Engine/Plugins/Interchange/Runtime/Content/gltf/MaterialInstances_SG/MI_Opaque_ClearCoat.uexp" 211
"../../../Engine/Plugins/Interchange/Runtime/Content/gltf/MaterialInstances_SG/MI_Opaque_ClearCoat.uasset" 212
"../../../Engine/Content/Functions/Engine_MaterialFunctions02/Utility/MakeFloat4.uexp" 213
"../../../Engine/Content/Functions/Engine_MaterialFunctions02/Utility/MakeFloat4.uasset" 214
"../../../Engine/Content/EditorMaterials/WorldPartition/WorldPartitionSpatialHashGridPreviewMaterial.uexp" 215
"../../../Engine/Content/EditorMaterials/WorldPartition/WorldPartitionSpatialHashGridPreviewMaterial.uasset" 216
"../../../Engine/Plugins/Interchange/Runtime/Content/gltf/M_Translucent.uasset" 217
"../../../Engine/Plugins/Interchange/Runtime/Content/gltf/M_Translucent.uexp" 218
"../../../Engine/Plugins/Interchange/Runtime/Content/gltf/MaterialInstances_SG/MI_Translucent_ClearCoat_TS.uasset" 219
"../../../Engine/Plugins/Interchange/Runtime/Content/gltf/MaterialInstances_SG/MI_Translucent_ClearCoat_TS.uexp" 220
"../../../Engine/Content/EngineMaterials/DefaultNormal.uasset" 221
"../../../Engine/Content/EngineMaterials/DefaultNormal.ubulk" 222
"../../../Engine/Content/EngineMaterials/DefaultNormal.uexp" 223
"../../../Engine/Plugins/Interchange/Runtime/Content/Materials/MapOrLinearColorFunction.uasset" 224
"../../../Engine/Plugins/Interchange/Runtime/Content/Materials/MapOrLinearColorFunction.uexp" 225
"../../../Engine/Plugins/Interchange/Runtime/Content/Materials/MapOrScalarFunction.uexp" 226
"../../../Engine/Plugins/Interchange/Runtime/Content/Materials/MapOrScalarFunction.uasset" 227
"../../../Engine/Plugins/Interchange/Runtime/Content/Materials/MapOrColorFunction.uexp" 228
"../../../Engine/Plugins/Interchange/Runtime/Content/Materials/MapOrColorFunction.uasset" 229
"../../../Engine/Content/EngineMaterials/BaseFlattenLinearColor.uasset" 230
"../../../Engine/Content/EngineMaterials/BaseFlattenLinearColor.uexp" 231
"../../../Engine/Plugins/Interchange/Runtime/Content/Materials/CommonMaterial.uasset" 232
"../../../Engine/Plugins/Interchange/Runtime/Content/Materials/CommonMaterial.uexp" 233
"../../../Engine/Plugins/Interchange/Runtime/Content/Materials/LambertSurfaceMaterial.uexp" 234
"../../../Engine/Plugins/Interchange/Runtime/Content/Materials/LambertSurfaceMaterial.uasset" 235
"../../../Engine/Plugins/Interchange/Runtime/Content/Materials/PBRSurfaceFunction.uasset" 236
"../../../Engine/Plugins/Interchange/Runtime/Content/Materials/PBRSurfaceFunction.uexp" 237
"../../../Engine/Plugins/Interchange/Runtime/Content/Materials/SubsurfaceMaterial.uasset" 238
"../../../Engine/Plugins/Interchange/Runtime/Content/Materials/SubsurfaceMaterial.uexp" 239
"../../../Engine/Plugins/Interchange/Runtime/Content/Materials/ClearCoatMaterial.uexp" 240
"../../../Engine/Plugins/Interchange/Runtime/Content/Materials/ClearCoatMaterial.uasset" 241
"../../../Engine/Content/EditorResources/BSPVertex.uexp" 242
"../../../Engine/Content/EditorResources/BSPVertex.uasset" 243
"../../../Engine/Content/EditorResources/EmptyActor.uexp" 244
"../../../Engine/Content/EditorResources/EmptyActor.uasset" 245
"../../../Engine/Content/EditorResources/S_Terrain.uasset" 246
"../../../Engine/Content/EditorResources/S_Terrain.uexp" 247
"../../../Engine/Content/EditorResources/S_Terrain.ubulk" 248
"../../../Engine/Plugins/Interchange/Runtime/Content/Materials/SheenMaterial.uasset" 249
"../../../Engine/Plugins/Interchange/Runtime/Content/Materials/SheenMaterial.uexp" 250
"../../../Engine/Content/EditorResources/SequenceRecorder/RecordingIndicator.uexp" 251
"../../../Engine/Content/EditorResources/SequenceRecorder/RecordingIndicator.uasset" 252
"../../../Engine/Content/EditorResources/SequenceRecorder/Countdown.uasset" 253
"../../../Engine/Content/EditorResources/SequenceRecorder/Countdown.uexp" 254
"../../../Engine/Content/EngineDamageTypes/DmgTypeBP_Environmental.uasset" 255
"../../../Engine/Content/EngineDamageTypes/DmgTypeBP_Environmental.uexp" 256
"../../../Engine/Plugins/Interchange/Runtime/Content/Materials/PBRSurfaceMaterial.uexp" 257
"../../../Engine/Plugins/Interchange/Runtime/Content/Materials/PBRSurfaceMaterial.uasset" 258
"../../../Engine/Content/EngineDebugMaterials/DebugMeshMaterial.uexp" 259
"../../../Engine/Content/EngineDebugMaterials/DebugMeshMaterial.uasset" 260
"../../../Engine/Content/EngineDebugMaterials/M_SimpleUnlitTranslucent.uexp" 261
"../../../Engine/Content/EngineDebugMaterials/M_SimpleUnlitTranslucent.uasset" 262
"../../../Engine/Content/EngineFonts/Faces/RobotoLight.ufont" 263
"../../../Engine/Content/EngineFonts/Faces/RobotoLight.uasset" 264
"../../../Engine/Content/EngineFonts/Faces/RobotoLight.uexp" 265
"../../../Engine/Content/EngineFonts/Faces/RobotoBold.ufont" 266
"../../../Engine/Content/EngineFonts/Faces/RobotoBold.uasset" 267
"../../../Engine/Content/EngineFonts/Faces/RobotoBold.uexp" 268
"../../../Engine/Content/EngineFonts/Faces/RobotoRegular.uasset" 269
"../../../Engine/Content/EngineFonts/Faces/RobotoRegular.uexp" 270
"../../../Engine/Content/EngineFonts/Faces/RobotoRegular.ufont" 271
"../../../Engine/Content/EngineFonts/Faces/DroidSansFallback.uasset" 272
"../../../Engine/Content/EngineFonts/Faces/DroidSansFallback.ufont" 273
"../../../Engine/Content/EngineFonts/Faces/DroidSansFallback.uexp" 274
"../../../Engine/Content/EngineFonts/Faces/RobotoItalic.ufont" 275
"../../../Engine/Content/EngineFonts/Faces/RobotoItalic.uasset" 276
"../../../Engine/Content/EngineFonts/Faces/RobotoItalic.uexp" 277
"../../../Engine/Content/EngineFonts/Faces/RobotoBoldItalic.uasset" 278
"../../../Engine/Content/EngineFonts/Faces/RobotoBoldItalic.uexp" 279
"../../../Engine/Content/EngineFonts/Faces/RobotoBoldItalic.ufont" 280
"../../../Engine/Content/EngineFonts/Roboto.uasset" 281
"../../../Engine/Content/EngineFonts/Roboto.uexp" 282
"../../../Engine/Content/Functions/Engine_MaterialFunctions02/Utility/CameraDirectionVector.uexp" 283
"../../../Engine/Content/Functions/Engine_MaterialFunctions02/Utility/CameraDirectionVector.uasset" 284
"../../../Engine/Content/EngineDebugMaterials/VolumeToRender.uexp" 285
"../../../Engine/Content/EngineDebugMaterials/VolumeToRender.uasset" 286
"../../../Engine/Content/EngineDebugMaterials/M_VolumeRenderSphereTracePP.uexp" 287
"../../../Engine/Content/EngineDebugMaterials/M_VolumeRenderSphereTracePP.uasset" 288
"../../../Engine/Content/EngineDebugMaterials/DebugEditorMaterial.uasset" 289
"../../../Engine/Content/EngineDebugMaterials/DebugEditorMaterial.uexp" 290
"../../../Engine/Plugins/Interchange/Runtime/Content/gltf/MaterialInstances_MR/MI_Transmission.uexp" 291
"../../../Engine/Plugins/Interchange/Runtime/Content/gltf/MaterialInstances_MR/MI_Transmission.uasset" 292
"../../../Engine/Plugins/Interchange/Runtime/Content/gltf/MaterialInstances_MR/MI_Opaque.uexp" 293
"../../../Engine/Plugins/Interchange/Runtime/Content/gltf/MaterialInstances_MR/MI_Opaque.uasset" 294
"../../../Engine/Plugins/Interchange/Runtime/Content/gltf/MaterialInstances_MR/MI_Opaque_ClearCoat_TS.uasset" 295
"../../../Engine/Plugins/Interchange/Runtime/Content/gltf/MaterialInstances_MR/MI_Opaque_ClearCoat_TS.uexp" 296
"../../../Engine/Content/EngineMaterials/DefaultLightFunctionMaterial.uasset" 297
"../../../Engine/Content/EngineMaterials/DefaultLightFunctionMaterial.uexp" 298
"../../../Engine/Plugins/Interchange/Runtime/Content/gltf/MaterialInstances_MR/MI_Translucent_ClearCoat.uexp" 299
"../../../Engine/Plugins/Interchange/Runtime/Content/gltf/MaterialInstances_MR/MI_Translucent_ClearCoat.uasset" 300
"../../../Engine/Plugins/Interchange/Runtime/Content/gltf/MaterialFunctions/MF_Sheen.uasset" 301
"../../../Engine/Plugins/Interchange/Runtime/Content/gltf/MaterialFunctions/MF_Sheen.uexp" 302
"../../../Engine/Content/Functions/Engine_MaterialFunctions01/Shading/FuzzyShading.uexp" 303
"../../../Engine/Content/Functions/Engine_MaterialFunctions01/Shading/FuzzyShading.uasset" 304
"../../../Engine/Plugins/Interchange/Runtime/Content/gltf/M_Sheen.uasset" 305
"../../../Engine/Plugins/Interchange/Runtime/Content/gltf/M_Sheen.uexp" 306
"../../../Engine/Plugins/Interchange/Runtime/Content/gltf/MaterialInstances_SG/MI_Opaque_Sheen.uexp" 307
"../../../Engine/Plugins/Interchange/Runtime/Content/gltf/MaterialInstances_SG/MI_Opaque_Sheen.uasset" 308
"../../../Engine/Content/EngineResources/WhiteSquareTexture.uexp" 309
"../../../Engine/Content/EngineResources/WhiteSquareTexture.uasset" 310
"../../../Engine/Content/EngineMaterials/Widget3DPassThrough.uexp" 311
"../../../Engine/Content/EngineMaterials/Widget3DPassThrough.uasset" 312
"../../../Engine/Content/EngineMaterials/Widget3DPassThrough_Opaque.uasset" 313
"../../../Engine/Content/EngineMaterials/Widget3DPassThrough_Opaque.uexp" 314
"../../../Engine/Content/EngineMaterials/Widget3DPassThrough_Opaque_OneSided.uasset" 315
"../../../Engine/Content/EngineMaterials/Widget3DPassThrough_Opaque_OneSided.uexp" 316
"../../../Engine/Plugins/Interchange/Runtime/Content/gltf/Textures/T_Gray_Linear.uasset" 317
"../../../Engine/Plugins/Interchange/Runtime/Content/gltf/Textures/T_Gray_Linear.uexp" 318
"../../../Engine/Plugins/Interchange/Runtime/Content/gltf/MaterialInstances_MR/MI_Opaque_ClearCoat.uexp" 319
"../../../Engine/Plugins/Interchange/Runtime/Content/gltf/MaterialInstances_MR/MI_Opaque_ClearCoat.uasset" 320
"../../../Engine/Plugins/Interchange/Runtime/Content/gltf/MaterialInstances_MR/MI_Translucent_ClearCoat_TS.uasset" 321
"../../../Engine/Plugins/Interchange/Runtime/Content/gltf/MaterialInstances_MR/MI_Translucent_ClearCoat_TS.uexp" 322
"../../../Engine/Plugins/Interchange/Runtime/Content/gltf/MaterialInstances_MR/MI_Opaque_Sheen_TS.uasset" 323
"../../../Engine/Plugins/Interchange/Runtime/Content/gltf/MaterialInstances_MR/MI_Opaque_Sheen_TS.uexp" 324
"../../../Engine/Content/EngineFonts/RobotoDistanceField.uexp" 325
"../../../Engine/Content/EngineFonts/RobotoDistanceField.uasset" 326
"../../../Engine/Content/EngineMaterials/DefaultTextMaterialOpaque.uexp" 327
"../../../Engine/Content/EngineMaterials/DefaultTextMaterialOpaque.uasset" 328
"../../../Engine/Content/EngineMaterials/InvalidLightmapSettings.ubulk" 329
"../../../Engine/Content/EngineMaterials/InvalidLightmapSettings.uasset" 330
"../../../Engine/Content/EngineMaterials/InvalidLightmapSettings.uexp" 331
"../../../Engine/Content/EngineMaterials/M_InvalidLightmapSettings.uexp" 332
"../../../Engine/Content/EngineMaterials/M_InvalidLightmapSettings.uasset" 333
"../../../Engine/Plugins/Interchange/Runtime/Content/gltf/MaterialInstances_SG/MI_Transmission.uexp" 334
"../../../Engine/Plugins/Interchange/Runtime/Content/gltf/MaterialInstances_SG/MI_Transmission.uasset" 335
"../../../Engine/Plugins/Interchange/Runtime/Content/gltf/Textures/T_Black_srgb.uasset" 336
"../../../Engine/Plugins/Interchange/Runtime/Content/gltf/Textures/T_Black_srgb.uexp" 337
"../../../Engine/Content/EngineMaterials/BaseFlattenEmissiveMap_VT.uexp" 338
"../../../Engine/Content/EngineMaterials/BaseFlattenEmissiveMap_VT.uasset" 339
"../../../Engine/Content/EngineMaterials/BaseFlattenGrayscaleMap_VT.uexp" 340
"../../../Engine/Content/EngineMaterials/BaseFlattenGrayscaleMap_VT.uasset" 341
"../../../Engine/Content/EngineMaterials/BaseFlattenLinearColor_VT.uasset" 342
"../../../Engine/Content/EngineMaterials/BaseFlattenLinearColor_VT.uexp" 343
"../../../Engine/Content/EngineMaterials/Black_1x1_EXR_Texture_VT.uasset" 344
"../../../Engine/Content/EngineMaterials/Black_1x1_EXR_Texture_VT.uexp" 345
"../../../Engine/Content/EngineMaterials/BaseFlattenDiffuseMap_VT.uasset" 346
"../../../Engine/Content/EngineMaterials/BaseFlattenDiffuseMap_VT.uexp" 347
"../../../Engine/Content/EngineMaterials/BaseFlattenNormalMap_VT.uasset" 348
"../../../Engine/Content/EngineMaterials/BaseFlattenNormalMap_VT.uexp" 349
"../../../Engine/Content/EngineMaterials/FlattenMaterial_VT.uasset" 350
"../../../Engine/Content/EngineMaterials/FlattenMaterial_VT.uexp" 351
"../../../Engine/Content/EngineMaterials/DefaultDiffuse.ubulk" 352
"../../../Engine/Content/EngineMaterials/DefaultDiffuse.uexp" 353
"../../../Engine/Content/EngineMaterials/DefaultDiffuse.uasset" 354
"../../../Engine/Content/Functions/Engine_MaterialFunctions02/Utility/BreakOutFloat2Components.uasset" 355
"../../../Engine/Content/Functions/Engine_MaterialFunctions02/Utility/BreakOutFloat2Components.uexp" 356
"../../../Engine/Content/EngineMaterials/DefaultPostProcessMaterial.uexp" 357
"../../../Engine/Content/EngineMaterials/DefaultPostProcessMaterial.uasset" 358
"../../../Engine/Content/EngineMaterials/DefaultDeferredDecalMaterial.uexp" 359
"../../../Engine/Content/EngineMaterials/DefaultDeferredDecalMaterial.uasset" 360
"../../../Engine/Content/EngineMaterials/RemoveSurfaceMaterial.uasset" 361
"../../../Engine/Content/EngineMaterials/RemoveSurfaceMaterial.uexp" 362
"../../../Engine/Content/EngineMaterials/FlattenMaterial_WS_Normal_VT.uexp" 363
"../../../Engine/Content/EngineMaterials/FlattenMaterial_WS_Normal_VT.uasset" 364
"../../../Engine/Plugins/Interchange/Runtime/Content/gltf/MaterialInstances_MR/MI_Transmission_TS.uexp" 365
"../../../Engine/Plugins/Interchange/Runtime/Content/gltf/MaterialInstances_MR/MI_Transmission_TS.uasset" 366
"../../../Engine/Content/EngineMaterials/DefaultBloomKernel.uexp" 367
"../../../Engine/Content/EngineMaterials/DefaultBloomKernel.uasset" 368
"../../../Engine/Plugins/Runtime/MeshModelingToolset/Content/Materials/M_DynamicMeshComponentVtxColor.uexp" 369
"../../../Engine/Plugins/Runtime/MeshModelingToolset/Content/Materials/M_DynamicMeshComponentVtxColor.uasset" 370
"../../../Engine/Plugins/Interchange/Runtime/Content/gltf/M_Unlit.uasset" 371
"../../../Engine/Plugins/Interchange/Runtime/Content/gltf/M_Unlit.uexp" 372
"../../../Engine/Plugins/Interchange/Runtime/Content/gltf/MaterialInstances_MR/MI_Opaque_Unlit_TS.uasset" 373
"../../../Engine/Plugins/Interchange/Runtime/Content/gltf/MaterialInstances_MR/MI_Opaque_Unlit_TS.uexp" 374
"../../../Engine/Plugins/Interchange/Runtime/Content/gltf/MaterialInstances_MR/MI_Opaque_TS.uasset" 375
"../../../Engine/Plugins/Interchange/Runtime/Content/gltf/MaterialInstances_MR/MI_Opaque_TS.uexp" 376
"../../../Engine/Content/EngineMaterials/Widget3DPassThrough_Masked_OneSided.uexp" 377
"../../../Engine/Content/EngineMaterials/Widget3DPassThrough_Masked_OneSided.uasset" 378
"../../../Engine/Content/EngineMaterials/DefaultWhiteGrid_Low.uasset" 379
"../../../Engine/Content/EngineMaterials/DefaultWhiteGrid_Low.uexp" 380
"../../../Engine/Content/EngineMaterials/EmissiveMeshMaterial.uexp" 381
"../../../Engine/Content/EngineMaterials/EmissiveMeshMaterial.uasset" 382
"../../../Engine/Content/EngineMaterials/STBlueNoise_scalar_128x128x64.uasset" 383
"../../../Engine/Content/EngineMaterials/STBlueNoise_scalar_128x128x64.uexp" 384
"../../../Engine/Content/EngineMaterials/BaseFlattenNormalMap.uexp" 385
"../../../Engine/Content/EngineMaterials/BaseFlattenNormalMap.uasset" 386
"../../../Engine/Content/EngineMaterials/BaseFlattenGrayscaleMap.uasset" 387
"../../../Engine/Content/EngineMaterials/BaseFlattenGrayscaleMap.uexp" 388
"../../../Engine/Content/EngineMaterials/BaseFlattenDiffuseMap.uasset" 389
"../../../Engine/Content/EngineMaterials/BaseFlattenDiffuseMap.uexp" 390
"../../../Engine/Content/Functions/Engine_MaterialFunctions02/PivotPainter2/Black_1x1_EXR_Texture.uexp" 391
"../../../Engine/Content/Functions/Engine_MaterialFunctions02/PivotPainter2/Black_1x1_EXR_Texture.uasset" 392
"../../../Engine/Content/EngineMaterials/BaseFlattenEmissiveMap.uexp" 393
"../../../Engine/Content/EngineMaterials/BaseFlattenEmissiveMap.uasset" 394
"../../../Engine/Content/EngineMaterials/FlattenMaterial.uasset" 395
"../../../Engine/Content/EngineMaterials/FlattenMaterial.uexp" 396
"../../../Engine/Plugins/Interchange/Runtime/Content/gltf/MaterialInstances_MR/MI_Translucent.uexp" 397
"../../../Engine/Plugins/Interchange/Runtime/Content/gltf/MaterialInstances_MR/MI_Translucent.uasset" 398
"../../../Engine/Content/EngineMaterials/GizmoMaterial.uexp" 399
"../../../Engine/Content/EngineMaterials/GizmoMaterial.uasset" 400
"../../../Engine/Content/EngineMaterials/DefaultDestructiblePhysicalMaterial.uasset" 401
"../../../Engine/Content/EngineMaterials/DefaultDestructiblePhysicalMaterial.uexp" 402
"../../../Engine/Content/Functions/Engine_MaterialFunctions02/WorldPositionOffset/CameraOffset.uexp" 403
"../../../Engine/Content/Functions/Engine_MaterialFunctions02/WorldPositionOffset/CameraOffset.uasset" 404
"../../../Engine/Content/EngineMaterials/PhAT_JointLimitMaterial.uasset" 405
"../../../Engine/Content/EngineMaterials/PhAT_JointLimitMaterial.uexp" 406
"../../../Engine/Plugins/Interchange/Runtime/Content/gltf/MaterialInstances_MR/MI_Opaque_Unlit.uexp" 407
"../../../Engine/Plugins/Interchange/Runtime/Content/gltf/MaterialInstances_MR/MI_Opaque_Unlit.uasset" 408
"../../../Engine/Content/EngineMaterials/STBlueNoise_vec2_128x128x64.uasset" 409
"../../../Engine/Content/EngineMaterials/STBlueNoise_vec2_128x128x64.uexp" 410
"../../../Engine/Content/EngineMaterials/DefaultCalibrationColor.uexp" 411
"../../../Engine/Content/EngineMaterials/DefaultCalibrationColor.uasset" 412
"../../../Engine/Content/EngineMaterials/PPM_DefaultCalibrationColor.uasset" 413
"../../../Engine/Content/EngineMaterials/PPM_DefaultCalibrationColor.uexp" 414
"../../../Engine/Content/EngineMaterials/Widget3DPassThrough_Translucent.uasset" 415
"../../../Engine/Content/EngineMaterials/Widget3DPassThrough_Translucent.uexp" 416
"../../../Engine/Content/EngineMaterials/Widget3DPassThrough_Translucent_OneSided.uasset" 417
"../../../Engine/Content/EngineMaterials/Widget3DPassThrough_Translucent_OneSided.uexp" 418
"../../../Engine/Plugins/Interchange/Runtime/Content/gltf/MaterialInstances_MR/MI_Opaque_Sheen.uexp" 419
"../../../Engine/Plugins/Interchange/Runtime/Content/gltf/MaterialInstances_MR/MI_Opaque_Sheen.uasset" 420
"../../../Engine/Content/EngineMaterials/Widget3DPassThrough_Masked.uasset" 421
"../../../Engine/Content/EngineMaterials/Widget3DPassThrough_Masked.uexp" 422
"../../../Engine/Content/EngineMaterials/DefaultCalibrationGrayscale.uexp" 423
"../../../Engine/Content/EngineMaterials/DefaultCalibrationGrayscale.uasset" 424
"../../../Engine/Content/EngineMaterials/PPM_DefaultCalibrationGrayscale.uasset" 425
"../../../Engine/Content/EngineMaterials/PPM_DefaultCalibrationGrayscale.uexp" 426
"../../../Engine/Plugins/Interchange/Runtime/Content/Pipelines/DefaultAssetsPipeline.uexp" 427
"../../../Engine/Plugins/Interchange/Runtime/Content/Pipelines/DefaultAssetsPipeline.uasset" 428
"../../../Engine/Content/Functions/Engine_MaterialFunctions01/Shading/ConvertFromDiffSpec.uexp" 429
"../../../Engine/Content/Functions/Engine_MaterialFunctions01/Shading/ConvertFromDiffSpec.uasset" 430
"../../../Engine/Plugins/Interchange/Runtime/Content/Materials/PhongSurfaceMaterial.uexp" 431
"../../../Engine/Plugins/Interchange/Runtime/Content/Materials/PhongSurfaceMaterial.uasset" 432
"../../../Engine/Content/EngineResources/FilmGrains/Marcie_Grain_v3_128_M2_000.uexp" 433
"../../../Engine/Content/EngineResources/FilmGrains/Marcie_Grain_v3_128_M2_000.uasset" 434
"../../../Engine/Content/EngineSky/VolumetricClouds/CloudWeatherTexture.uexp" 435
"../../../Engine/Content/EngineSky/VolumetricClouds/CloudWeatherTexture.uasset" 436
"../../../Engine/Content/Functions/Engine_MaterialFunctions02/Utility/MakeFloat2.uexp" 437
"../../../Engine/Content/Functions/Engine_MaterialFunctions02/Utility/MakeFloat2.uasset" 438
"../../../Engine/Content/EngineSky/VolumetricClouds/CloudGradientTexture.uexp" 439
"../../../Engine/Content/EngineSky/VolumetricClouds/CloudGradientTexture.uasset" 440
"../../../Engine/Content/EngineSky/VolumetricClouds/T_NoiseShape64.ubulk" 441
"../../../Engine/Content/EngineSky/VolumetricClouds/T_NoiseShape64.uexp" 442
"../../../Engine/Content/EngineSky/VolumetricClouds/T_NoiseShape64.uasset" 443
"../../../Engine/Content/EngineSky/VolumetricClouds/T_VolumeNoiseShape64.uasset" 444
"../../../Engine/Content/EngineSky/VolumetricClouds/T_VolumeNoiseShape64.uexp" 445
"../../../Engine/Content/EngineSky/VolumetricClouds/T_NoiseErosion.ubulk" 446
"../../../Engine/Content/EngineSky/VolumetricClouds/T_NoiseErosion.uexp" 447
"../../../Engine/Content/EngineSky/VolumetricClouds/T_NoiseErosion.uasset" 448
"../../../Engine/Content/EngineSky/VolumetricClouds/T_VolumeNoiseErosion32.uasset" 449
"../../../Engine/Content/EngineSky/VolumetricClouds/T_VolumeNoiseErosion32.uexp" 450
"../../../Engine/Content/EngineSky/VolumetricClouds/m_SimpleVolumetricCloud.uasset" 451
"../../../Engine/Content/EngineSky/VolumetricClouds/m_SimpleVolumetricCloud.uexp" 452
"../../../Engine/Content/EngineSky/VolumetricClouds/m_SimpleVolumetricCloud_Inst.uexp" 453
"../../../Engine/Content/EngineSky/VolumetricClouds/m_SimpleVolumetricCloud_Inst.uasset" 454
"../../../Engine/Plugins/Interchange/Runtime/Content/Pipelines/DefaultSceneAssetsPipeline.uasset" 455
"../../../Engine/Plugins/Interchange/Runtime/Content/Pipelines/DefaultSceneAssetsPipeline.uexp" 456
"../../../Engine/Plugins/Interchange/Runtime/Content/Pipelines/DefaultSceneLevelPipeline.uexp" 457
"../../../Engine/Plugins/Interchange/Runtime/Content/Pipelines/DefaultSceneLevelPipeline.uasset" 458
"../../../Engine/Plugins/Interchange/Runtime/Content/Pipelines/DefaultTexturePipeline.uasset" 459
"../../../Engine/Plugins/Interchange/Runtime/Content/Pipelines/DefaultTexturePipeline.uexp" 460
"../../../Engine/Plugins/Interchange/Runtime/Content/Pipelines/DefaultMaterialPipeline.uasset" 461
"../../../Engine/Plugins/Interchange/Runtime/Content/Pipelines/DefaultMaterialPipeline.uexp" 462
"../../../Engine/Content/EngineSounds/Master.uexp" 463
"../../../Engine/Content/EngineSounds/Master.uasset" 464
"../../../Engine/Content/Functions/Engine_MaterialFunctions01/Shading/PowerToRoughness.uexp" 465
"../../../Engine/Content/Functions/Engine_MaterialFunctions01/Shading/PowerToRoughness.uasset" 466
"../../../Engine/Plugins/Interchange/Runtime/Content/gltf/MaterialInstances_MR/MI_Translucent_TS.uasset" 467
"../../../Engine/Plugins/Interchange/Runtime/Content/gltf/MaterialInstances_MR/MI_Translucent_TS.uexp" 468
"../../../Engine/Content/MobileResources/HUD/VirtualJoystick_Background.uexp" 469
"../../../Engine/Content/MobileResources/HUD/VirtualJoystick_Background.uasset" 470
"../../../Engine/Content/MobileResources/HUD/VirtualJoystick_Thumb.uasset" 471
"../../../Engine/Content/MobileResources/HUD/VirtualJoystick_Thumb.uexp" 472
"../../../Engine/Content/MobileResources/HUD/DefaultVirtualJoysticks.uasset" 473
"../../../Engine/Content/MobileResources/HUD/DefaultVirtualJoysticks.uexp" 474
"../../../Engine/Content/EngineMaterials/FlatNormal.uasset" 475
"../../../Engine/Content/EngineMaterials/FlatNormal.uexp" 476
"../../../Engine/Plugins/Interchange/Runtime/Content/Functions/MF_OrenNayerView.uexp" 477
"../../../Engine/Plugins/Interchange/Runtime/Content/Functions/MF_OrenNayerView.uasset" 478
"../../../Engine/Content/EditorLandscapeResources/WhiteSquareTexture.uexp" 479
"../../../Engine/Content/EditorLandscapeResources/WhiteSquareTexture.uasset" 480
"../../../Engine/Plugins/Interchange/Runtime/Content/Functions/MF_SchlickApprox.uasset" 481
"../../../Engine/Plugins/Interchange/Runtime/Content/Functions/MF_SchlickApprox.uexp" 482
"../../../Engine/Plugins/Interchange/Runtime/Content/Utilities/New_LUT.uasset" 483
"../../../Engine/Plugins/Interchange/Runtime/Content/Utilities/New_LUT.uexp" 484
"../../../Engine/Content/Functions/Engine_MaterialFunctions03/Math/RemapValueRange.uexp" 485
"../../../Engine/Content/Functions/Engine_MaterialFunctions03/Math/RemapValueRange.uasset" 486
"../../../Engine/Plugins/Interchange/Runtime/Content/Functions/MF_Iridescence.uasset" 487
"../../../Engine/Plugins/Interchange/Runtime/Content/Functions/MF_Iridescence.uexp" 488
"../../../Engine/Plugins/Interchange/Runtime/Content/Materials/OrenNayerMaterial.uexp" 489
"../../../Engine/Plugins/Interchange/Runtime/Content/Materials/OrenNayerMaterial.uasset" 490
"../../../Engine/Plugins/Interchange/Runtime/Content/gltf/MaterialInstances_SG/MI_Translucent.uexp" 491
"../../../Engine/Plugins/Interchange/Runtime/Content/gltf/MaterialInstances_SG/MI_Translucent.uasset" 492
"../../../Engine/Plugins/Interchange/Runtime/Content/gltf/MaterialInstances_SG/MI_Translucent_TS.uasset" 493
"../../../Engine/Plugins/Interchange/Runtime/Content/gltf/MaterialInstances_SG/MI_Translucent_TS.uexp" 494
"../../../Engine/Plugins/Interchange/Runtime/Content/Materials/ThinTranslucentMaterial.uexp" 495
"../../../Engine/Plugins/Interchange/Runtime/Content/Materials/ThinTranslucentMaterial.uasset" 496
"../../../Engine/Plugins/Interchange/Runtime/Content/Materials/UnlitMaterial.uasset" 497
"../../../Engine/Plugins/Interchange/Runtime/Content/Materials/UnlitMaterial.uexp" 498
"../../../Engine/Plugins/2D/Paper2D/Content/PlaceholderTextures/DummySpriteTexture.ubulk" 499
"../../../Engine/Plugins/2D/Paper2D/Content/PlaceholderTextures/DummySpriteTexture.uexp" 500
"../../../Engine/Plugins/2D/Paper2D/Content/PlaceholderTextures/DummySpriteTexture.uasset" 501
"../../../Engine/Plugins/2D/Paper2D/Content/DefaultSpriteMaterial.uexp" 502
"../../../Engine/Plugins/2D/Paper2D/Content/DefaultSpriteMaterial.uasset" 503
"../../../Engine/Plugins/2D/Paper2D/Content/MaskedUnlitSpriteMaterial.uexp" 504
"../../../Engine/Plugins/2D/Paper2D/Content/MaskedUnlitSpriteMaterial.uasset" 505
"../../../Engine/Plugins/2D/Paper2D/Content/DummySprite.uasset" 506
"../../../Engine/Plugins/2D/Paper2D/Content/DummySprite.uexp" 507
"../../../Engine/Plugins/2D/Paper2D/Content/DefaultPaperTerrainMaterial.uexp" 508
"../../../Engine/Plugins/2D/Paper2D/Content/DefaultPaperTerrainMaterial.uasset" 509
"../../../Engine/Plugins/2D/Paper2D/Content/OpaqueUnlitSpriteMaterial.uasset" 510
"../../../Engine/Plugins/2D/Paper2D/Content/OpaqueUnlitSpriteMaterial.uexp" 511
"../../../Engine/Plugins/Interchange/Runtime/Content/gltf/MaterialInstances_SG/MI_Opaque_TS.uasset" 512
"../../../Engine/Plugins/Interchange/Runtime/Content/gltf/MaterialInstances_SG/MI_Opaque_TS.uexp" 513
"../../../Engine/Plugins/Animation/ControlRig/Content/M_Manip.uasset" 514
"../../../Engine/Plugins/Animation/ControlRig/Content/M_Manip.uexp" 515
"../../../Engine/Plugins/Animation/ControlRig/Content/Controls/ControlRig_Octagon_solid.uexp" 516
"../../../Engine/Plugins/Animation/ControlRig/Content/Controls/ControlRig_Octagon_solid.ubulk" 517
"../../../Engine/Plugins/Animation/ControlRig/Content/Controls/ControlRig_Octagon_solid.uasset" 518
"../../../Engine/Plugins/Animation/ControlRig/Content/Controls/ControlRig_Pyramid_solid.uexp" 519
"../../../Engine/Plugins/Animation/ControlRig/Content/Controls/ControlRig_Pyramid_solid.ubulk" 520
"../../../Engine/Plugins/Animation/ControlRig/Content/Controls/ControlRig_Pyramid_solid.uasset" 521
"../../../Engine/Plugins/Animation/ControlRig/Content/Controls/ControlRig_Wedge_solid.uexp" 522
"../../../Engine/Plugins/Animation/ControlRig/Content/Controls/ControlRig_Wedge_solid.ubulk" 523
"../../../Engine/Plugins/Animation/ControlRig/Content/Controls/ControlRig_Wedge_solid.uasset" 524
"../../../Engine/Plugins/Animation/ControlRig/Content/Controls/ControlRig_RoundedSquare_1mm.ubulk" 525
"../../../Engine/Plugins/Animation/ControlRig/Content/Controls/ControlRig_RoundedSquare_1mm.uexp" 526
"../../../Engine/Plugins/Animation/ControlRig/Content/Controls/ControlRig_RoundedSquare_1mm.uasset" 527
"../../../Engine/Plugins/Animation/ControlRig/Content/Controls/ControlRig_Star4_1mm.ubulk" 528
"../../../Engine/Plugins/Animation/ControlRig/Content/Controls/ControlRig_Star4_1mm.uexp" 529
"../../../Engine/Plugins/Animation/ControlRig/Content/Controls/ControlRig_Star4_1mm.uasset" 530
"../../../Engine/Plugins/Animation/ControlRig/Content/Controls/ControlRigXRayMaterial.uexp" 531
"../../../Engine/Plugins/Animation/ControlRig/Content/Controls/ControlRigXRayMaterial.uasset" 532
"../../../Engine/Plugins/Animation/ControlRig/Content/Controls/ControlRig_Hexagon_solid.ubulk" 533
"../../../Engine/Plugins/Animation/ControlRig/Content/Controls/ControlRig_Hexagon_solid.uexp" 534
"../../../Engine/Plugins/Animation/ControlRig/Content/Controls/ControlRig_Hexagon_solid.uasset" 535
"../../../Engine/Plugins/Animation/ControlRig/Content/Controls/ControlRig_Arrow_solid.ubulk" 536
"../../../Engine/Plugins/Animation/ControlRig/Content/Controls/ControlRig_Arrow_solid.uexp" 537
"../../../Engine/Plugins/Animation/ControlRig/Content/Controls/ControlRig_Arrow_solid.uasset" 538
"../../../Engine/Plugins/Animation/ControlRig/Content/Controls/ControlRig_Triangle_3mm.uasset" 539
"../../../Engine/Plugins/Animation/ControlRig/Content/Controls/ControlRig_Triangle_3mm.uexp" 540
"../../../Engine/Plugins/Animation/ControlRig/Content/Controls/ControlRig_Triangle_3mm.ubulk" 541
"../../../Engine/Plugins/Animation/ControlRig/Content/Controls/ControlRig_Box_solid.uasset" 542
"../../../Engine/Plugins/Animation/ControlRig/Content/Controls/ControlRig_Box_solid.ubulk" 543
"../../../Engine/Plugins/Animation/ControlRig/Content/Controls/ControlRig_Box_solid.uexp" 544
"../../../Engine/Plugins/Animation/ControlRig/Content/Controls/ControlRig_Wedge_3mm.uasset" 545
"../../../Engine/Plugins/Animation/ControlRig/Content/Controls/ControlRig_Wedge_3mm.ubulk" 546
"../../../Engine/Plugins/Animation/ControlRig/Content/Controls/ControlRig_Wedge_3mm.uexp" 547
"../../../Engine/Plugins/Animation/ControlRig/Content/Controls/ControlRig_HalfCircle_1mm.ubulk" 548
"../../../Engine/Plugins/Animation/ControlRig/Content/Controls/ControlRig_HalfCircle_1mm.uexp" 549
"../../../Engine/Plugins/Animation/ControlRig/Content/Controls/ControlRig_HalfCircle_1mm.uasset" 550
"../../../Engine/Plugins/Animation/ControlRig/Content/Controls/ControlRig_HalfCircle_solid.uexp" 551
"../../../Engine/Plugins/Animation/ControlRig/Content/Controls/ControlRig_HalfCircle_solid.ubulk" 552
"../../../Engine/Plugins/Animation/ControlRig/Content/Controls/ControlRig_HalfCircle_solid.uasset" 553
"../../../Engine/Plugins/Animation/ControlRig/Content/Controls/ControlRig_Arrow2_1mm.uexp" 554
"../../../Engine/Plugins/Animation/ControlRig/Content/Controls/ControlRig_Arrow2_1mm.ubulk" 555
"../../../Engine/Plugins/Animation/ControlRig/Content/Controls/ControlRig_Arrow2_1mm.uasset" 556
"../../../Engine/Plugins/Animation/ControlRig/Content/Controls/ControlRig_Octagon_3mm.uexp" 557
"../../../Engine/Plugins/Animation/ControlRig/Content/Controls/ControlRig_Octagon_3mm.ubulk" 558
"../../../Engine/Plugins/Animation/ControlRig/Content/Controls/ControlRig_Octagon_3mm.uasset" 559
"../../../Engine/Plugins/Animation/ControlRig/Content/Controls/ControlRig_Box_3mm.uexp" 560
"../../../Engine/Plugins/Animation/ControlRig/Content/Controls/ControlRig_Box_3mm.ubulk" 561
"../../../Engine/Plugins/Animation/ControlRig/Content/Controls/ControlRig_Box_3mm.uasset" 562
"../../../Engine/Plugins/Animation/ControlRig/Content/Controls/ControlRig_Sphere_1mm.uasset" 563
"../../../Engine/Plugins/Animation/ControlRig/Content/Controls/ControlRig_Sphere_1mm.uexp" 564
"../../../Engine/Plugins/Animation/ControlRig/Content/Controls/ControlRig_Sphere_1mm.ubulk" 565
"../../../Engine/Plugins/Animation/ControlRig/Content/Controls/ControlRig_Pyramid_3mm.uasset" 566
"../../../Engine/Plugins/Animation/ControlRig/Content/Controls/ControlRig_Pyramid_3mm.ubulk" 567
"../../../Engine/Plugins/Animation/ControlRig/Content/Controls/ControlRig_Pyramid_3mm.uexp" 568
"../../../Engine/Plugins/Animation/ControlRig/Content/Controls/ControlRig_QuarterCircle_3mm.ubulk" 569
"../../../Engine/Plugins/Animation/ControlRig/Content/Controls/ControlRig_QuarterCircle_3mm.uexp" 570
"../../../Engine/Plugins/Animation/ControlRig/Content/Controls/ControlRig_QuarterCircle_3mm.uasset" 571
"../../../Engine/Plugins/Animation/ControlRig/Content/Controls/ControlRig_Circle_1mm.ubulk" 572
"../../../Engine/Plugins/Animation/ControlRig/Content/Controls/ControlRig_Circle_1mm.uexp" 573
"../../../Engine/Plugins/Animation/ControlRig/Content/Controls/ControlRig_Circle_1mm.uasset" 574
"../../../Engine/Plugins/Animation/ControlRig/Content/Controls/ControlRig_RoundedTriangle_3mm.uasset" 575
"../../../Engine/Plugins/Animation/ControlRig/Content/Controls/ControlRig_RoundedTriangle_3mm.uexp" 576
"../../../Engine/Plugins/Animation/ControlRig/Content/Controls/ControlRig_RoundedTriangle_3mm.ubulk" 577
"../../../Engine/Plugins/Animation/ControlRig/Content/Controls/ControlRig_Triangle_solid.uasset" 578
"../../../Engine/Plugins/Animation/ControlRig/Content/Controls/ControlRig_Triangle_solid.ubulk" 579
"../../../Engine/Plugins/Animation/ControlRig/Content/Controls/ControlRig_Triangle_solid.uexp" 580
"../../../Engine/Plugins/Animation/ControlRig/Content/Controls/ControlRig_Diamond_1mm.uasset" 581
"../../../Engine/Plugins/Animation/ControlRig/Content/Controls/ControlRig_Diamond_1mm.uexp" 582
"../../../Engine/Plugins/Animation/ControlRig/Content/Controls/ControlRig_Diamond_1mm.ubulk" 583
"../../../Engine/Plugins/Animation/ControlRig/Content/Controls/ControlRig_Arrow2_solid.uasset" 584
"../../../Engine/Plugins/Animation/ControlRig/Content/Controls/ControlRig_Arrow2_solid.uexp" 585
"../../../Engine/Plugins/Animation/ControlRig/Content/Controls/ControlRig_Arrow2_solid.ubulk" 586
"../../../Engine/Plugins/Animation/ControlRig/Content/Controls/ControlRig_Arrow4_3mm.uasset" 587
"../../../Engine/Plugins/Animation/ControlRig/Content/Controls/ControlRig_Arrow4_3mm.ubulk" 588
"../../../Engine/Plugins/Animation/ControlRig/Content/Controls/ControlRig_Arrow4_3mm.uexp" 589
"../../../Engine/Plugins/Animation/ControlRig/Content/Controls/ControlRig_Hexagon_1mm.uasset" 590
"../../../Engine/Plugins/Animation/ControlRig/Content/Controls/ControlRig_Hexagon_1mm.uexp" 591
"../../../Engine/Plugins/Animation/ControlRig/Content/Controls/ControlRig_Hexagon_1mm.ubulk" 592
"../../../Engine/Plugins/Animation/ControlRig/Content/Controls/ControlRig_QuarterCircle_solid.uasset" 593
"../../../Engine/Plugins/Animation/ControlRig/Content/Controls/ControlRig_QuarterCircle_solid.ubulk" 594
"../../../Engine/Plugins/Animation/ControlRig/Content/Controls/ControlRig_QuarterCircle_solid.uexp" 595
"../../../Engine/Plugins/Animation/ControlRig/Content/Controls/ControlRig_Arrow_1mm.uasset" 596
"../../../Engine/Plugins/Animation/ControlRig/Content/Controls/ControlRig_Arrow_1mm.uexp" 597
"../../../Engine/Plugins/Animation/ControlRig/Content/Controls/ControlRig_Arrow_1mm.ubulk" 598
"../../../Engine/Plugins/Animation/ControlRig/Content/Controls/ControlRig_Square_1mm.ubulk" 599
"../../../Engine/Plugins/Animation/ControlRig/Content/Controls/ControlRig_Square_1mm.uexp" 600
"../../../Engine/Plugins/Animation/ControlRig/Content/Controls/ControlRig_Square_1mm.uasset" 601
"../../../Engine/Plugins/Animation/ControlRig/Content/Controls/ControlRig_Circle_solid.ubulk" 602
"../../../Engine/Plugins/Animation/ControlRig/Content/Controls/ControlRig_Circle_solid.uexp" 603
"../../../Engine/Plugins/Animation/ControlRig/Content/Controls/ControlRig_Circle_solid.uasset" 604
"../../../Engine/Plugins/Animation/ControlRig/Content/Controls/ControlRig_Arrow4_solid.uexp" 605
"../../../Engine/Plugins/Animation/ControlRig/Content/Controls/ControlRig_Arrow4_solid.uasset" 606
"../../../Engine/Plugins/Animation/ControlRig/Content/Controls/ControlRig_Arrow4_solid.ubulk" 607
"../../../Engine/Plugins/Animation/ControlRig/Content/Controls/ControlRig_RoundedSquare_solid.uexp" 608
"../../../Engine/Plugins/Animation/ControlRig/Content/Controls/ControlRig_RoundedSquare_solid.ubulk" 609
"../../../Engine/Plugins/Animation/ControlRig/Content/Controls/ControlRig_RoundedSquare_solid.uasset" 610
"../../../Engine/Plugins/Animation/ControlRig/Content/Controls/ControlRig_Star4_solid.uasset" 611
"../../../Engine/Plugins/Animation/ControlRig/Content/Controls/ControlRig_Star4_solid.uexp" 612
"../../../Engine/Plugins/Animation/ControlRig/Content/Controls/ControlRig_Star4_solid.ubulk" 613
"../../../Engine/Plugins/Animation/ControlRig/Content/Controls/ControlRig_Diamond_solid.uexp" 614
"../../../Engine/Plugins/Animation/ControlRig/Content/Controls/ControlRig_Diamond_solid.ubulk" 615
"../../../Engine/Plugins/Animation/ControlRig/Content/Controls/ControlRig_Diamond_solid.uasset" 616
"../../../Engine/Plugins/Animation/ControlRig/Content/Controls/ControlRig_Arrow2_3mm.uasset" 617
"../../../Engine/Plugins/Animation/ControlRig/Content/Controls/ControlRig_Arrow2_3mm.ubulk" 618
"../../../Engine/Plugins/Animation/ControlRig/Content/Controls/ControlRig_Arrow2_3mm.uexp" 619
"../../../Engine/Plugins/Animation/ControlRig/Content/Controls/ControlRig_Box_1mm.ubulk" 620
"../../../Engine/Plugins/Animation/ControlRig/Content/Controls/ControlRig_Box_1mm.uexp" 621
"../../../Engine/Plugins/Animation/ControlRig/Content/Controls/ControlRig_Box_1mm.uasset" 622
"../../../Engine/Plugins/Animation/ControlRig/Content/Controls/ControlRig_Octagon_1mm.uasset" 623
"../../../Engine/Plugins/Animation/ControlRig/Content/Controls/ControlRig_Octagon_1mm.ubulk" 624
"../../../Engine/Plugins/Animation/ControlRig/Content/Controls/ControlRig_Octagon_1mm.uexp" 625
"../../../Engine/Plugins/Animation/ControlRig/Content/Controls/ControlRig_Sphere_3mm.uasset" 626
"../../../Engine/Plugins/Animation/ControlRig/Content/Controls/ControlRig_Sphere_3mm.uexp" 627
"../../../Engine/Plugins/Animation/ControlRig/Content/Controls/ControlRig_Sphere_3mm.ubulk" 628
"../../../Engine/Plugins/Animation/ControlRig/Content/Controls/ControlRig_Triangle_1mm.uasset" 629
"../../../Engine/Plugins/Animation/ControlRig/Content/Controls/ControlRig_Triangle_1mm.uexp" 630
"../../../Engine/Plugins/Animation/ControlRig/Content/Controls/ControlRig_Triangle_1mm.ubulk" 631
"../../../Engine/Plugins/Animation/ControlRig/Content/Controls/ControlRig_RoundedTriangle_solid.ubulk" 632
"../../../Engine/Plugins/Animation/ControlRig/Content/Controls/ControlRig_RoundedTriangle_solid.uasset" 633
"../../../Engine/Plugins/Animation/ControlRig/Content/Controls/ControlRig_RoundedTriangle_solid.uexp" 634
"../../../Engine/Plugins/Animation/ControlRig/Content/Controls/ControlRig_HalfCircle_3mm.uasset" 635
"../../../Engine/Plugins/Animation/ControlRig/Content/Controls/ControlRig_HalfCircle_3mm.uexp" 636
"../../../Engine/Plugins/Animation/ControlRig/Content/Controls/ControlRig_HalfCircle_3mm.ubulk" 637
"../../../Engine/Plugins/Animation/ControlRig/Content/Controls/ControlRig_Wedge_1mm.uasset" 638
"../../../Engine/Plugins/Animation/ControlRig/Content/Controls/ControlRig_Wedge_1mm.ubulk" 639
"../../../Engine/Plugins/Animation/ControlRig/Content/Controls/ControlRig_Wedge_1mm.uexp" 640
"../../../Engine/Plugins/Animation/ControlRig/Content/Controls/DefaultGizmoLibraryNormalized.uexp" 641
"../../../Engine/Plugins/Animation/ControlRig/Content/Controls/DefaultGizmoLibraryNormalized.uasset" 642
"../../../Engine/Plugins/Animation/ControlRig/Content/Controls/ControlRig_RoundedSquare_3mm.uasset" 643
"../../../Engine/Plugins/Animation/ControlRig/Content/Controls/ControlRig_RoundedSquare_3mm.ubulk" 644
"../../../Engine/Plugins/Animation/ControlRig/Content/Controls/ControlRig_RoundedSquare_3mm.uexp" 645
"../../../Engine/Plugins/Animation/ControlRig/Content/Controls/ControlRig_Star4_3mm.uasset" 646
"../../../Engine/Plugins/Animation/ControlRig/Content/Controls/ControlRig_Star4_3mm.uexp" 647
"../../../Engine/Plugins/Animation/ControlRig/Content/Controls/ControlRig_Star4_3mm.ubulk" 648
"../../../Engine/Plugins/Animation/ControlRig/Content/Controls/ControlRig_Square_3mm.uexp" 649
"../../../Engine/Plugins/Animation/ControlRig/Content/Controls/ControlRig_Square_3mm.ubulk" 650
"../../../Engine/Plugins/Animation/ControlRig/Content/Controls/ControlRig_Square_3mm.uasset" 651
"../../../Engine/Plugins/Animation/ControlRig/Content/Controls/ControlRig_Sphere_solid.uexp" 652
"../../../Engine/Plugins/Animation/ControlRig/Content/Controls/ControlRig_Sphere_solid.uasset" 653
"../../../Engine/Plugins/Animation/ControlRig/Content/Controls/ControlRig_Sphere_solid.ubulk" 654
"../../../Engine/Plugins/Animation/ControlRig/Content/Controls/ControlRig_Hexagon_3mm.uexp" 655
"../../../Engine/Plugins/Animation/ControlRig/Content/Controls/ControlRig_Hexagon_3mm.uasset" 656
"../../../Engine/Plugins/Animation/ControlRig/Content/Controls/ControlRig_Hexagon_3mm.ubulk" 657
"../../../Engine/Plugins/Animation/ControlRig/Content/Controls/ControlRig_Arrow_3mm.uexp" 658
"../../../Engine/Plugins/Animation/ControlRig/Content/Controls/ControlRig_Arrow_3mm.uasset" 659
"../../../Engine/Plugins/Animation/ControlRig/Content/Controls/ControlRig_Arrow_3mm.ubulk" 660
"../../../Engine/Plugins/Animation/ControlRig/Content/Controls/ControlRig_Diamond_3mm.ubulk" 661
"../../../Engine/Plugins/Animation/ControlRig/Content/Controls/ControlRig_Diamond_3mm.uasset" 662
"../../../Engine/Plugins/Animation/ControlRig/Content/Controls/ControlRig_Diamond_3mm.uexp" 663
"../../../Engine/Plugins/Animation/ControlRig/Content/Controls/ControlRig_Square_solid.uexp" 664
"../../../Engine/Plugins/Animation/ControlRig/Content/Controls/ControlRig_Square_solid.uasset" 665
"../../../Engine/Plugins/Animation/ControlRig/Content/Controls/ControlRig_Square_solid.ubulk" 666
"../../../Engine/Plugins/Animation/ControlRig/Content/Controls/ControlRig_Arrow4_1mm.ubulk" 667
"../../../Engine/Plugins/Animation/ControlRig/Content/Controls/ControlRig_Arrow4_1mm.uasset" 668
"../../../Engine/Plugins/Animation/ControlRig/Content/Controls/ControlRig_Arrow4_1mm.uexp" 669
"../../../Engine/Plugins/Animation/ControlRig/Content/Controls/ControlRig_Pyramid_1mm.ubulk" 670
"../../../Engine/Plugins/Animation/ControlRig/Content/Controls/ControlRig_Pyramid_1mm.uasset" 671
"../../../Engine/Plugins/Animation/ControlRig/Content/Controls/ControlRig_Pyramid_1mm.uexp" 672
"../../../Engine/Plugins/Animation/ControlRig/Content/Controls/ControlRig_QuarterCircle_1mm.uexp" 673
"../../../Engine/Plugins/Animation/ControlRig/Content/Controls/ControlRig_QuarterCircle_1mm.uasset" 674
"../../../Engine/Plugins/Animation/ControlRig/Content/Controls/ControlRig_QuarterCircle_1mm.ubulk" 675
"../../../Engine/Plugins/Animation/ControlRig/Content/Controls/ControlRig_Circle_3mm.ubulk" 676
"../../../Engine/Plugins/Animation/ControlRig/Content/Controls/ControlRig_Circle_3mm.uasset" 677
"../../../Engine/Plugins/Animation/ControlRig/Content/Controls/ControlRig_Circle_3mm.uexp" 678
"../../../Engine/Plugins/Animation/ControlRig/Content/Controls/ControlRig_RoundedTriangle_1mm.uexp" 679
"../../../Engine/Plugins/Animation/ControlRig/Content/Controls/ControlRig_RoundedTriangle_1mm.uasset" 680
"../../../Engine/Plugins/Animation/ControlRig/Content/Controls/ControlRig_RoundedTriangle_1mm.ubulk" 681
"../../../Engine/Plugins/Animation/ControlRig/Content/Controls/ControlRigGizmoMaterial.uasset" 682
"../../../Engine/Plugins/Animation/ControlRig/Content/Controls/ControlRigGizmoMaterial.uexp" 683
"../../../Engine/Plugins/Editor/SpeedTreeImporter/Content/SpeedTree9/game_wind_noise.uexp" 684
"../../../Engine/Plugins/Editor/SpeedTreeImporter/Content/SpeedTree9/game_wind_noise.uasset" 685
"../../../Engine/Plugins/Editor/SpeedTreeImporter/Content/SpeedTree9/game_wind_noise.ubulk" 686
"../../../Engine/Plugins/Editor/SpeedTreeImporter/Content/SpeedTree9/UnpackDirection.uexp" 687
"../../../Engine/Plugins/Editor/SpeedTreeImporter/Content/SpeedTree9/UnpackDirection.uasset" 688
"../../../Engine/Content/Functions/Engine_MaterialFunctions02/ObjectLocalBounds.uasset" 689
"../../../Engine/Content/Functions/Engine_MaterialFunctions02/ObjectLocalBounds.uexp" 690
"../../../Engine/Content/Functions/Engine_MaterialFunctions02/UVs/BoundingBoxBased_0-1_UVW.uexp" 691
"../../../Engine/Content/Functions/Engine_MaterialFunctions02/UVs/BoundingBoxBased_0-1_UVW.uasset" 692
"../../../Engine/Content/Functions/Engine_MaterialFunctions02/Utility/VectorLength.uexp" 693
"../../../Engine/Content/Functions/Engine_MaterialFunctions02/Utility/VectorLength.uasset" 694
"../../../Engine/Plugins/Editor/SpeedTreeImporter/Content/SpeedTree9/UnpackInteger3.uexp" 695
"../../../Engine/Plugins/Editor/SpeedTreeImporter/Content/SpeedTree9/UnpackInteger3.uasset" 696
"../../../Engine/Plugins/Editor/SpeedTreeImporter/Content/SpeedTree9/SpeedTreeCameraFacing.uasset" 697
"../../../Engine/Plugins/Editor/SpeedTreeImporter/Content/SpeedTree9/SpeedTreeCameraFacing.uexp" 698
"../../../Engine/Content/Functions/Engine_MaterialFunctions02/WorldPositionOffset/ObjectScale.uexp" 699
"../../../Engine/Content/Functions/Engine_MaterialFunctions02/WorldPositionOffset/ObjectScale.uasset" 700
"../../../Engine/Content/Functions/Engine_MaterialFunctions02/SafeNormalize.uasset" 701
"../../../Engine/Content/Functions/Engine_MaterialFunctions02/SafeNormalize.uexp" 702
"../../../Engine/Plugins/Editor/SpeedTreeImporter/Content/SpeedTree9/SpeedTreeWindMotion.uexp" 703
"../../../Engine/Plugins/Editor/SpeedTreeImporter/Content/SpeedTree9/SpeedTreeWindMotion.uasset" 704
"../../../Engine/Plugins/Editor/SpeedTreeImporter/Content/SpeedTree9/SpeedTreeBranchMotion.uexp" 705
"../../../Engine/Plugins/Editor/SpeedTreeImporter/Content/SpeedTree9/SpeedTreeBranchMotion.uasset" 706
"../../../Engine/Plugins/Editor/SpeedTreeImporter/Content/SpeedTree9/SpeedTreeWind.uasset" 707
"../../../Engine/Plugins/Editor/SpeedTreeImporter/Content/SpeedTree9/SpeedTreeWind.uexp" 708
"../../../Engine/Plugins/Editor/SpeedTreeImporter/Content/SpeedTree9/EmptyNormal.uasset" 709
"../../../Engine/Plugins/Editor/SpeedTreeImporter/Content/SpeedTree9/EmptyNormal.uexp" 710
"../../../Engine/Plugins/Editor/SpeedTreeImporter/Content/SpeedTree9/Empty.uasset" 711
"../../../Engine/Plugins/Editor/SpeedTreeImporter/Content/SpeedTree9/Empty.uexp" 712
"../../../Engine/Plugins/Editor/SpeedTreeImporter/Content/SpeedTree9/SpeedTreeMaster.uexp" 713
"../../../Engine/Plugins/Editor/SpeedTreeImporter/Content/SpeedTree9/SpeedTreeMaster.uasset" 714
"../../../Engine/Plugins/Interchange/Runtime/Content/gltf/MaterialInstances_SG/MI_Opaque_Sheen_TS.uasset" 715
"../../../Engine/Plugins/Interchange/Runtime/Content/gltf/MaterialInstances_SG/MI_Opaque_Sheen_TS.uexp" 716
"../../../Engine/Plugins/Interchange/Runtime/Content/gltf/MaterialInstances_SG/MI_Opaque_ClearCoat_TS.uasset" 717
"../../../Engine/Plugins/Interchange/Runtime/Content/gltf/MaterialInstances_SG/MI_Opaque_ClearCoat_TS.uexp" 718
"../../../Engine/Plugins/Editor/SpeedTreeImporter/Content/SpeedTree9/SpeedTreeBillboard.uexp" 719
"../../../Engine/Plugins/Editor/SpeedTreeImporter/Content/SpeedTree9/SpeedTreeBillboard.uasset" 720
"../../../Engine/Plugins/Editor/SpeedTreeImporter/Content/SpeedTree9/SpeedTreeBillboardMaster.uasset" 721
"../../../Engine/Plugins/Editor/SpeedTreeImporter/Content/SpeedTree9/SpeedTreeBillboardMaster.uexp" 722
"../../../Engine/Plugins/Interchange/Runtime/Content/gltf/MaterialInstances_SG/MI_Translucent_ClearCoat.uexp" 723
"../../../Engine/Plugins/Interchange/Runtime/Content/gltf/MaterialInstances_SG/MI_Translucent_ClearCoat.uasset" 724
"../../../Engine/Plugins/Interchange/Runtime/Content/Functions/MX_Transmission.uexp" 725
"../../../Engine/Plugins/Interchange/Runtime/Content/Functions/MX_Transmission.uasset" 726
"../../../Engine/Plugins/Interchange/Runtime/Content/Functions/MX_StandardSurface.uasset" 727
"../../../Engine/Plugins/Interchange/Runtime/Content/Functions/MX_StandardSurface.uexp" 728
"../../../Engine/Plugins/Interchange/Runtime/Content/Functions/MX_TransmissionSurface.uexp" 729
"../../../Engine/Plugins/Interchange/Runtime/Content/Functions/MX_TransmissionSurface.uasset" 730
"../../../Engine/Content/Functions/Engine_MaterialFunctions02/WorldPositionOffset/V2/ObjectScale.uexp" 731
"../../../Engine/Content/Functions/Engine_MaterialFunctions02/WorldPositionOffset/V2/ObjectScale.uasset" 732
"../../../Engine/Plugins/Interchange/Runtime/Content/gltf/MaterialFunctions/MF_TransmissionOpacity.uexp" 733
"../../../Engine/Plugins/Interchange/Runtime/Content/gltf/MaterialFunctions/MF_TransmissionOpacity.uasset" 734
"../../../Engine/Content/BasicShapes/Cube.ubulk" 735
"../../../Engine/Content/BasicShapes/Cube.uasset" 736
"../../../Engine/Content/BasicShapes/Cube.uexp" 737
"/Users/bauerg/Documents/Unreal Projects/FallJam/Content/UI/Font/Good_Zombie.uasset" 738
"/Users/bauerg/Documents/Unreal Projects/FallJam/Content/UI/Font/Good_Zombie.uexp" 739
"/Users/bauerg/Documents/Unreal Projects/FallJam/Content/UI/Font/Good_Zombie.ufont" 740
"/Users/bauerg/Documents/Unreal Projects/FallJam/Content/UI/Font/Good_Zombie_Font.uexp" 741
"/Users/bauerg/Documents/Unreal Projects/FallJam/Content/UI/Font/Good_Zombie_Font.uasset" 742
"../../../Engine/Content/BasicShapes/Sphere.uexp" 743
"../../../Engine/Content/BasicShapes/Sphere.ubulk" 744
"../../../Engine/Content/BasicShapes/Sphere.uasset" 745
"/Users/bauerg/Documents/Unreal Projects/FallJam/Content/Blueprints/Vaulting/EVaultingState.uasset" 746
"/Users/bauerg/Documents/Unreal Projects/FallJam/Content/Blueprints/Vaulting/EVaultingState.uexp" 747
"/Users/bauerg/Documents/Unreal Projects/FallJam/Content/Blueprints/Vaulting/Vault_Widget.uexp" 748
"/Users/bauerg/Documents/Unreal Projects/FallJam/Content/Blueprints/Vaulting/Vault_Widget.uasset" 749
"/Users/bauerg/Documents/Unreal Projects/FallJam/Content/Blueprints/Vaulting/VaultingComponent.uasset" 750
"/Users/bauerg/Documents/Unreal Projects/FallJam/Content/Blueprints/Vaulting/VaultingComponent.uexp" 751
"/Users/bauerg/Documents/Unreal Projects/FallJam/Content/Blueprints/ChargeJump/JumoChargeWIDGET.uexp" 752
"/Users/bauerg/Documents/Unreal Projects/FallJam/Content/Blueprints/ChargeJump/JumoChargeWIDGET.uasset" 753
"/Users/bauerg/Documents/Unreal Projects/FallJam/Content/TEXTURES/Sky/rolling_hills_4k.ubulk" 754
"/Users/bauerg/Documents/Unreal Projects/FallJam/Content/TEXTURES/Sky/rolling_hills_4k.uexp" 755
"/Users/bauerg/Documents/Unreal Projects/FallJam/Content/TEXTURES/Sky/rolling_hills_4k.uasset" 756
"/Users/bauerg/Documents/Unreal Projects/FallJam/Content/Materials/M_SKy.uexp" 757
"/Users/bauerg/Documents/Unreal Projects/FallJam/Content/Materials/M_SKy.uasset" 758
"../../../Engine/Content/Animation/DefaultAnimCurveCompressionSettings.uasset" 759
"../../../Engine/Content/Animation/DefaultAnimCurveCompressionSettings.uexp" 760
"/Users/bauerg/Documents/Unreal Projects/FallJam/Content/StarterContent/FirstPersonArms/Character/Mesh/SK_Mannequin_Arms_Skeleton.uasset" 761
"/Users/bauerg/Documents/Unreal Projects/FallJam/Content/StarterContent/FirstPersonArms/Character/Mesh/SK_Mannequin_Arms_Skeleton.uexp" 762
"../../../Engine/Content/Animation/DefaultAnimBoneCompressionSettings.uasset" 763
"../../../Engine/Content/Animation/DefaultAnimBoneCompressionSettings.uexp" 764
"/Users/bauerg/Documents/Unreal Projects/FallJam/Content/StarterContent/FirstPersonArms/Animations/FirstPerson_JumpEnd.uasset" 765
"/Users/bauerg/Documents/Unreal Projects/FallJam/Content/StarterContent/FirstPersonArms/Animations/FirstPerson_JumpEnd.uexp" 766
"/Users/bauerg/Documents/Unreal Projects/FallJam/Content/StarterContent/FirstPersonArms/Animations/FirstPerson_Run.uasset" 767
"/Users/bauerg/Documents/Unreal Projects/FallJam/Content/StarterContent/FirstPersonArms/Animations/FirstPerson_Run.uexp" 768
"/Users/bauerg/Documents/Unreal Projects/FallJam/Content/StarterContent/FirstPersonArms/Animations/FirstPerson_JumpLoop.uexp" 769
"/Users/bauerg/Documents/Unreal Projects/FallJam/Content/StarterContent/FirstPersonArms/Animations/FirstPerson_JumpLoop.uasset" 770
"/Users/bauerg/Documents/Unreal Projects/FallJam/Content/StarterContent/FirstPersonArms/Animations/FirstPerson_Idle.uexp" 771
"/Users/bauerg/Documents/Unreal Projects/FallJam/Content/StarterContent/FirstPersonArms/Animations/FirstPerson_Idle.uasset" 772
"/Users/bauerg/Documents/Unreal Projects/FallJam/Content/StarterContent/FirstPersonArms/Animations/FirstPerson_JumpStart.uasset" 773
"/Users/bauerg/Documents/Unreal Projects/FallJam/Content/StarterContent/FirstPersonArms/Animations/FirstPerson_JumpStart.uexp" 774
"/Users/bauerg/Documents/Unreal Projects/FallJam/Content/StarterContent/FirstPersonArms/Animations/FirstPerson_AnimBP.uasset" 775
"/Users/bauerg/Documents/Unreal Projects/FallJam/Content/StarterContent/FirstPersonArms/Animations/FirstPerson_AnimBP.uexp" 776
"../../../Engine/Content/BasicShapes/BasicShapeMaterial.uexp" 777
"../../../Engine/Content/BasicShapes/BasicShapeMaterial.uasset" 778
"/Users/bauerg/Documents/Unreal Projects/FallJam/Content/Blueprints/GrappleHook/SM_GrappleHook.uexp" 779
"/Users/bauerg/Documents/Unreal Projects/FallJam/Content/Blueprints/GrappleHook/SM_GrappleHook.uasset" 780
"/Users/bauerg/Documents/Unreal Projects/FallJam/Content/Blueprints/GrappleHook/BP_GrappleHook.uexp" 781
"/Users/bauerg/Documents/Unreal Projects/FallJam/Content/Blueprints/GrappleHook/BP_GrappleHook.uasset" 782
"/Users/bauerg/Documents/Unreal Projects/FallJam/Content/Blueprints/GrappleHook/EGrappleState.uexp" 783
"/Users/bauerg/Documents/Unreal Projects/FallJam/Content/Blueprints/GrappleHook/EGrappleState.uasset" 784
"/Users/bauerg/Documents/Unreal Projects/FallJam/Content/Blueprints/GrappleHook/GrappleComponnent.uasset" 785
"/Users/bauerg/Documents/Unreal Projects/FallJam/Content/Blueprints/GrappleHook/GrappleComponnent.uexp" 786
"../../../Engine/Content/EditorBlueprintResources/StandardMacros.uasset" 787
"../../../Engine/Content/EditorBlueprintResources/StandardMacros.uexp" 788
"/Users/bauerg/Documents/Unreal Projects/FallJam/Content/Blueprints/BP_FirstPersonCharacter.uasset" 789
"/Users/bauerg/Documents/Unreal Projects/FallJam/Content/Blueprints/BP_FirstPersonCharacter.uexp" 790
"/Users/bauerg/Documents/Unreal Projects/FallJam/Content/Blueprints/BP_BugginOutGameMode.uasset" 791
"/Users/bauerg/Documents/Unreal Projects/FallJam/Content/Blueprints/BP_BugginOutGameMode.uexp" 792
"/Users/bauerg/Documents/Unreal Projects/FallJam/Content/Blueprints/FL_GeneralFunctionLibrary.uasset" 793
"/Users/bauerg/Documents/Unreal Projects/FallJam/Content/Blueprints/FL_GeneralFunctionLibrary.uexp" 794
"/Users/bauerg/Documents/Unreal Projects/FallJam/Content/Blueprints/Widgets/UMG_ScoreCounter.uexp" 795
"/Users/bauerg/Documents/Unreal Projects/FallJam/Content/Blueprints/Widgets/UMG_ScoreCounter.uasset" 796
"/Users/bauerg/Documents/Unreal Projects/FallJam/Content/Blueprints/Widgets/UMG_DeathScreen.uexp" 797
"/Users/bauerg/Documents/Unreal Projects/FallJam/Content/Blueprints/Widgets/UMG_DeathScreen.uasset" 798
"/Users/bauerg/Documents/Unreal Projects/FallJam/Content/Blueprints/BP_KillBox.uexp" 799
"/Users/bauerg/Documents/Unreal Projects/FallJam/Content/Blueprints/BP_KillBox.uasset" 800
"/Users/bauerg/Documents/Unreal Projects/FallJam/Content/Levels/L_EvilBugTree_BuiltData.ubulk" 801
"/Users/bauerg/Documents/Unreal Projects/FallJam/Content/Levels/L_EvilBugTree_BuiltData.uexp" 802
"/Users/bauerg/Documents/Unreal Projects/FallJam/Content/Levels/L_EvilBugTree_BuiltData.uasset" 803
"/Users/bauerg/Documents/Unreal Projects/FallJam/Content/TEXTURES/T_Leaves.uexp" 804
"/Users/bauerg/Documents/Unreal Projects/FallJam/Content/TEXTURES/T_Leaves.uasset" 805
"../../../Engine/Content/Functions/Engine_MaterialFunctions02/HueShift.uasset" 806
"../../../Engine/Content/Functions/Engine_MaterialFunctions02/HueShift.uexp" 807
"/Users/bauerg/Documents/Unreal Projects/FallJam/Content/TEXTURES/T_Leafs.uasset" 808
"/Users/bauerg/Documents/Unreal Projects/FallJam/Content/TEXTURES/T_Leafs.ubulk" 809
"/Users/bauerg/Documents/Unreal Projects/FallJam/Content/TEXTURES/T_Leafs.uexp" 810
"/Users/bauerg/Documents/Unreal Projects/FallJam/Content/Materials/M_LEaves.uasset" 811
"/Users/bauerg/Documents/Unreal Projects/FallJam/Content/Materials/M_LEaves.uexp" 812
"/Users/bauerg/Documents/Unreal Projects/FallJam/Content/3Dassets/Leaf_1.ubulk" 813
"/Users/bauerg/Documents/Unreal Projects/FallJam/Content/3Dassets/Leaf_1.uexp" 814
"/Users/bauerg/Documents/Unreal Projects/FallJam/Content/3Dassets/Leaf_1.uasset" 815
"/Users/bauerg/Documents/Unreal Projects/FallJam/Content/3Dassets/Leaf_2.uasset" 816
"/Users/bauerg/Documents/Unreal Projects/FallJam/Content/3Dassets/Leaf_2.ubulk" 817
"/Users/bauerg/Documents/Unreal Projects/FallJam/Content/3Dassets/Leaf_2.uexp" 818
"/Users/bauerg/Documents/Unreal Projects/FallJam/Content/3Dassets/Leaf_3.ubulk" 819
"/Users/bauerg/Documents/Unreal Projects/FallJam/Content/3Dassets/Leaf_3.uasset" 820
"/Users/bauerg/Documents/Unreal Projects/FallJam/Content/3Dassets/Leaf_3.uexp" 821
"/Users/bauerg/Documents/Unreal Projects/FallJam/Content/3Dassets/Leaf_4.uasset" 822
"/Users/bauerg/Documents/Unreal Projects/FallJam/Content/3Dassets/Leaf_4.ubulk" 823
"/Users/bauerg/Documents/Unreal Projects/FallJam/Content/3Dassets/Leaf_4.uexp" 824
"/Users/bauerg/Documents/Unreal Projects/FallJam/Content/3Dassets/Leaf_5.ubulk" 825
"/Users/bauerg/Documents/Unreal Projects/FallJam/Content/3Dassets/Leaf_5.uasset" 826
"/Users/bauerg/Documents/Unreal Projects/FallJam/Content/3Dassets/Leaf_5.uexp" 827
"/Users/bauerg/Documents/Unreal Projects/FallJam/Content/3Dassets/Leaf_6.uexp" 828
"/Users/bauerg/Documents/Unreal Projects/FallJam/Content/3Dassets/Leaf_6.ubulk" 829
"/Users/bauerg/Documents/Unreal Projects/FallJam/Content/3Dassets/Leaf_6.uasset" 830
"/Users/bauerg/Documents/Unreal Projects/FallJam/Content/StarterContent/Materials/M_Basic_Floor.uexp" 831
"/Users/bauerg/Documents/Unreal Projects/FallJam/Content/StarterContent/Materials/M_Basic_Floor.uasset" 832
"/Users/bauerg/Documents/Unreal Projects/FallJam/Content/StarterContent/Architecture/Floor_400x400.uexp" 833
"/Users/bauerg/Documents/Unreal Projects/FallJam/Content/StarterContent/Architecture/Floor_400x400.uasset" 834
"/Users/bauerg/Documents/Unreal Projects/FallJam/Content/StarterContent/Architecture/Floor_400x400.ubulk" 835
"/Users/bauerg/Documents/Unreal Projects/FallJam/Content/Blueprints/Generation/BP_BasePlatform.uexp" 836
"/Users/bauerg/Documents/Unreal Projects/FallJam/Content/Blueprints/Generation/BP_BasePlatform.uasset" 837
"/Users/bauerg/Documents/Unreal Projects/FallJam/Content/TEXTURES/Wheat/smdoejyr_2K_Opacity.ubulk" 838
"/Users/bauerg/Documents/Unreal Projects/FallJam/Content/TEXTURES/Wheat/smdoejyr_2K_Opacity.uasset" 839
"/Users/bauerg/Documents/Unreal Projects/FallJam/Content/TEXTURES/Wheat/smdoejyr_2K_Opacity.uexp" 840
"/Users/bauerg/Documents/Unreal Projects/FallJam/Content/TEXTURES/Wheat/smdoejyr_2K_Albedo.uasset" 841
"/Users/bauerg/Documents/Unreal Projects/FallJam/Content/TEXTURES/Wheat/smdoejyr_2K_Albedo.uexp" 842
"/Users/bauerg/Documents/Unreal Projects/FallJam/Content/TEXTURES/Wheat/smdoejyr_2K_Albedo.ubulk" 843
"/Users/bauerg/Documents/Unreal Projects/FallJam/Content/Materials/Landscaoe/Wheat.uexp" 844
"/Users/bauerg/Documents/Unreal Projects/FallJam/Content/Materials/Landscaoe/Wheat.uasset" 845
"/Users/bauerg/Documents/Unreal Projects/FallJam/Content/3Dassets/Wheat/Var1_LOD2.uexp" 846
"/Users/bauerg/Documents/Unreal Projects/FallJam/Content/3Dassets/Wheat/Var1_LOD2.ubulk" 847
"/Users/bauerg/Documents/Unreal Projects/FallJam/Content/3Dassets/Wheat/Var1_LOD2.uasset" 848
"/Users/bauerg/Documents/Unreal Projects/FallJam/Content/3Dassets/Wheat/Var5_LOD2.ubulk" 849
"/Users/bauerg/Documents/Unreal Projects/FallJam/Content/3Dassets/Wheat/Var5_LOD2.uasset" 850
"/Users/bauerg/Documents/Unreal Projects/FallJam/Content/3Dassets/Wheat/Var5_LOD2.uexp" 851
"/Users/bauerg/Documents/Unreal Projects/FallJam/Content/3Dassets/Wheat/Var4_LOD2.uexp" 852
"/Users/bauerg/Documents/Unreal Projects/FallJam/Content/3Dassets/Wheat/Var4_LOD2.ubulk" 853
"/Users/bauerg/Documents/Unreal Projects/FallJam/Content/3Dassets/Wheat/Var4_LOD2.uasset" 854
"/Users/bauerg/Documents/Unreal Projects/FallJam/Content/3Dassets/Wheat/Var2_LOD2.uexp" 855
"/Users/bauerg/Documents/Unreal Projects/FallJam/Content/3Dassets/Wheat/Var2_LOD2.uasset" 856
"/Users/bauerg/Documents/Unreal Projects/FallJam/Content/3Dassets/Wheat/Var2_LOD2.ubulk" 857
"/Users/bauerg/Documents/Unreal Projects/FallJam/Content/3Dassets/Wheat/Var3_LOD2.ubulk" 858
"/Users/bauerg/Documents/Unreal Projects/FallJam/Content/3Dassets/Wheat/Var3_LOD2.uasset" 859
"/Users/bauerg/Documents/Unreal Projects/FallJam/Content/3Dassets/Wheat/Var3_LOD2.uexp" 860
"/Users/bauerg/Documents/Unreal Projects/FallJam/Content/Materials/Landscaoe/Grass.uexp" 861
"/Users/bauerg/Documents/Unreal Projects/FallJam/Content/Materials/Landscaoe/Grass.uasset" 862
"/Users/bauerg/Documents/Unreal Projects/FallJam/Content/StarterContent/HDRI/HDRI_Epic_Courtyard_Daylight.uasset" 863
"/Users/bauerg/Documents/Unreal Projects/FallJam/Content/StarterContent/HDRI/HDRI_Epic_Courtyard_Daylight.uexp" 864
"/Users/bauerg/Documents/Unreal Projects/FallJam/Content/Blueprints/Widgets/W_StartScreen.uasset" 865
"/Users/bauerg/Documents/Unreal Projects/FallJam/Content/Blueprints/Widgets/W_StartScreen.uexp" 866
"/Users/bauerg/Documents/Unreal Projects/FallJam/Content/TEXTURES/T_Wood.uexp" 867
"/Users/bauerg/Documents/Unreal Projects/FallJam/Content/TEXTURES/T_Wood.uasset" 868
"/Users/bauerg/Documents/Unreal Projects/FallJam/Content/TEXTURES/N_NewBark.uasset" 869
"/Users/bauerg/Documents/Unreal Projects/FallJam/Content/TEXTURES/N_NewBark.uexp" 870
"/Users/bauerg/Documents/Unreal Projects/FallJam/Content/StarterContent/Textures/T_Perlin_Noise_M.uexp" 871
"/Users/bauerg/Documents/Unreal Projects/FallJam/Content/StarterContent/Textures/T_Perlin_Noise_M.uasset" 872
"/Users/bauerg/Documents/Unreal Projects/FallJam/Content/StarterContent/Textures/T_Perlin_Noise_M.ubulk" 873
"../../../Engine/Content/Functions/Engine_MaterialFunctions01/ImageAdjustment/Contrast_Preserve_Color.uexp" 874
"../../../Engine/Content/Functions/Engine_MaterialFunctions01/ImageAdjustment/Contrast_Preserve_Color.uasset" 875
"/Users/bauerg/Documents/Unreal Projects/FallJam/Content/StarterContent/Materials/M_Bark.uasset" 876
"/Users/bauerg/Documents/Unreal Projects/FallJam/Content/StarterContent/Materials/M_Bark.uexp" 877
"/Users/bauerg/Documents/Unreal Projects/FallJam/Content/TEXTURES/T_Log.uasset" 878
"/Users/bauerg/Documents/Unreal Projects/FallJam/Content/TEXTURES/T_Log.uexp" 879
"/Users/bauerg/Documents/Unreal Projects/FallJam/Content/TEXTURES/N_Log.uexp" 880
"/Users/bauerg/Documents/Unreal Projects/FallJam/Content/TEXTURES/N_Log.uasset" 881
"/Users/bauerg/Documents/Unreal Projects/FallJam/Content/Materials/M_Log.uasset" 882
"/Users/bauerg/Documents/Unreal Projects/FallJam/Content/Materials/M_Log.uexp" 883
"/Users/bauerg/Documents/Unreal Projects/FallJam/Content/3Dassets/SM_Treeprocedural_Core_Tree.uasset" 884
"/Users/bauerg/Documents/Unreal Projects/FallJam/Content/3Dassets/SM_Treeprocedural_Core_Tree.ubulk" 885
"/Users/bauerg/Documents/Unreal Projects/FallJam/Content/3Dassets/SM_Treeprocedural_Core_Tree.uexp" 886
"/Users/bauerg/Documents/Unreal Projects/FallJam/Content/Blueprints/Generation/BP_BaseTree.uasset" 887
"/Users/bauerg/Documents/Unreal Projects/FallJam/Content/Blueprints/Generation/BP_BaseTree.uexp" 888
"/Users/bauerg/Documents/Unreal Projects/FallJam/Content/Blueprints/Generation/BP_TreeSpawner.uexp" 889
"/Users/bauerg/Documents/Unreal Projects/FallJam/Content/Blueprints/Generation/BP_TreeSpawner.uasset" 890
"/Users/bauerg/Documents/Unreal Projects/FallJam/Content/Blueprints/Generation/BP_PlatformSpawner.uasset" 891
"/Users/bauerg/Documents/Unreal Projects/FallJam/Content/Blueprints/Generation/BP_PlatformSpawner.uexp" 892
"../../../Engine/Content/EngineMaterials/DefaultPhysicalMaterial.uasset" 893
"../../../Engine/Content/EngineMaterials/DefaultPhysicalMaterial.uexp" 894
"/Users/bauerg/Documents/Unreal Projects/FallJam/Content/Blueprints/Widgets/W_Pause.uexp" 895
"/Users/bauerg/Documents/Unreal Projects/FallJam/Content/Blueprints/Widgets/W_Pause.uasset" 896
"/Users/bauerg/Documents/Unreal Projects/FallJam/Content/StarterContent/Textures/T_Ground_Gravel_N.uexp" 897
"/Users/bauerg/Documents/Unreal Projects/FallJam/Content/StarterContent/Textures/T_Ground_Gravel_N.uasset" 898
"/Users/bauerg/Documents/Unreal Projects/FallJam/Content/StarterContent/Textures/T_Ground_Gravel_N.ubulk" 899
"/Users/bauerg/Documents/Unreal Projects/FallJam/Content/StarterContent/Textures/T_Ground_Grass_D.uasset" 900
"/Users/bauerg/Documents/Unreal Projects/FallJam/Content/StarterContent/Textures/T_Ground_Grass_D.ubulk" 901
"/Users/bauerg/Documents/Unreal Projects/FallJam/Content/StarterContent/Textures/T_Ground_Grass_D.uexp" 902
"/Users/bauerg/Documents/Unreal Projects/FallJam/Content/StarterContent/Textures/T_Ground_Gravel_D.ubulk" 903
"/Users/bauerg/Documents/Unreal Projects/FallJam/Content/StarterContent/Textures/T_Ground_Gravel_D.uexp" 904
"/Users/bauerg/Documents/Unreal Projects/FallJam/Content/StarterContent/Textures/T_Ground_Gravel_D.uasset" 905
"/Users/bauerg/Documents/Unreal Projects/FallJam/Content/StarterContent/Textures/T_Ground_Grass_N.uasset" 906
"/Users/bauerg/Documents/Unreal Projects/FallJam/Content/StarterContent/Textures/T_Ground_Grass_N.uexp" 907
"/Users/bauerg/Documents/Unreal Projects/FallJam/Content/StarterContent/Textures/T_Ground_Grass_N.ubulk" 908
"/Users/bauerg/Documents/Unreal Projects/FallJam/Content/Materials/Landscaoe/M_Landscape.uexp" 909
"/Users/bauerg/Documents/Unreal Projects/FallJam/Content/Materials/Landscaoe/M_Landscape.uasset" 910
"/Users/bauerg/Documents/Unreal Projects/FallJam/Content/Levels/L_EvilBugTree.ubulk" 911
"/Users/bauerg/Documents/Unreal Projects/FallJam/Content/Levels/L_EvilBugTree.uexp" 912
"/Users/bauerg/Documents/Unreal Projects/FallJam/Content/Levels/L_EvilBugTree.umap" 913
"../../../Engine/Content/Maps/Entry_BuiltData.uexp" 914
"../../../Engine/Content/Maps/Entry_BuiltData.uasset" 915
"../../../Engine/Content/Maps/Entry.umap" 916
"../../../Engine/Content/Maps/Entry.uexp" 917
